#
# There is insufficient memory for the Java Runtime Environment to continue.
# Native memory allocation (malloc) failed to allocate 2202416 bytes for Chunk::new
# Possible reasons:
#   The system is out of physical RAM or swap space
#   The process is running with CompressedOops enabled, and the Java Heap may be blocking the growth of the native heap
# Possible solutions:
#   Reduce memory load on the system
#   Increase physical memory or swap space
#   Check if swap backing store is full
#   Decrease Java heap size (-Xmx/-Xms)
#   Decrease number of Java threads
#   Decrease Java thread stack sizes (-Xss)
#   Set larger code cache with -XX:ReservedCodeCacheSize=
#   JVM is running with Unscaled Compressed Oops mode in which the Java heap is
#     placed in the first 4GB address space. The Java Heap base address is the
#     maximum limit for the native heap growth. Please use -XX:HeapBaseMinAddress
#     to set the Java Heap base and to place the Java Heap above 4GB virtual address.
# This output file may be truncated or incomplete.
#
#  Out of Memory Error (allocation.cpp:389), pid=16124, tid=0x0000000000005fe4
#
# JRE version: Java(TM) SE Runtime Environment (8.0_231-b11) (build 1.8.0_231-b11)
# Java VM: Java HotSpot(TM) 64-Bit Server VM (25.231-b11 mixed mode windows-amd64 compressed oops)
# Failed to write core dump. Minidumps are not enabled by default on client versions of Windows
#

---------------  T H R E A D  ---------------

Current thread (0x000000001649b800):  JavaThread "C2 CompilerThread1" daemon [_thread_in_native, id=24548, stack(0x0000000017bf0000,0x0000000017cf0000)]

Stack: [0x0000000017bf0000,0x0000000017cf0000]
[error occurred during error reporting (printing stack bounds), id 0xc0000005]

Native frames: (J=compiled Java code, j=interpreted, Vv=VM code, C=native code)


Current CompileTask:
C2:   8039 4079       4       com.sun.beans.TypeResolver::resolve (37 bytes)


---------------  P R O C E S S  ---------------

Java Threads: ( => current thread )
  0x0000000016649000 JavaThread "Cache worker for Build Output Cleanup Cache (C:\Users\a4_an\Videos\Gympoint\Frontend\Mobile\android\.gradle\buildOutputCleanup)" [_thread_blocked, id=15476, stack(0x00000000215e0000,0x00000000216e0000)]
  0x000000001664a000 JavaThread "Build operations Thread 12" [_thread_blocked, id=25580, stack(0x0000000022210000,0x0000000022310000)]
  0x0000000016642800 JavaThread "Build operations Thread 11" [_thread_blocked, id=25104, stack(0x0000000022110000,0x0000000022210000)]
  0x0000000016644000 JavaThread "Build operations Thread 10" [_thread_blocked, id=26084, stack(0x0000000022010000,0x0000000022110000)]
  0x0000000016641800 JavaThread "Build operations Thread 9" [_thread_blocked, id=16728, stack(0x0000000021f10000,0x0000000022010000)]
  0x0000000016648800 JavaThread "Build operations Thread 8" [_thread_blocked, id=27840, stack(0x0000000021e10000,0x0000000021f10000)]
  0x0000000016647800 JavaThread "Build operations Thread 7" [_thread_blocked, id=12908, stack(0x0000000021d10000,0x0000000021e10000)]
  0x0000000016647000 JavaThread "Build operations Thread 6" [_thread_blocked, id=20380, stack(0x0000000021c10000,0x0000000021d10000)]
  0x0000000016646000 JavaThread "Build operations Thread 5" [_thread_blocked, id=11172, stack(0x0000000021b10000,0x0000000021c10000)]
  0x0000000016644800 JavaThread "Build operations Thread 4" [_thread_blocked, id=29380, stack(0x0000000021a10000,0x0000000021b10000)]
  0x0000000016641000 JavaThread "Build operations Thread 3" [_thread_blocked, id=11608, stack(0x0000000021910000,0x0000000021a10000)]
  0x0000000016645800 JavaThread "Build operations Thread 2" [_thread_blocked, id=10844, stack(0x0000000021810000,0x0000000021910000)]
  0x0000000016640000 JavaThread "Build operations" [_thread_blocked, id=22764, stack(0x0000000021710000,0x0000000021810000)]
  0x000000001acc8800 JavaThread "Cache worker for execution history cache (C:\Users\a4_an\.gradle\caches\5.5\executionHistory)" [_thread_blocked, id=172, stack(0x00000000212e0000,0x00000000213e0000)]
  0x000000001acc8000 JavaThread "Cache worker for cache directory md-rule (C:\Users\a4_an\.gradle\caches\5.5\md-rule)" [_thread_blocked, id=19080, stack(0x000000001e770000,0x000000001e870000)]
  0x000000001acc7000 JavaThread "Cache worker for cache directory md-supplier (C:\Users\a4_an\.gradle\caches\5.5\md-supplier)" [_thread_blocked, id=1848, stack(0x000000001e2d0000,0x000000001e3d0000)]
  0x000000001acc4000 JavaThread "Cache worker for file hash cache (C:\Users\a4_an\Videos\Gympoint\Frontend\Mobile\android\.gradle\5.5\fileHashes)" [_thread_blocked, id=28168, stack(0x000000001e470000,0x000000001e570000)]
  0x000000001acc3000 JavaThread "Cache worker for journal cache (C:\Users\a4_an\.gradle\caches\journal-1)" [_thread_blocked, id=10132, stack(0x000000001be30000,0x000000001bf30000)]
  0x000000001acc6800 JavaThread "File lock request listener" [_thread_in_native, id=25536, stack(0x000000001bd30000,0x000000001be30000)]
  0x000000001acc2800 JavaThread "Cache worker for file hash cache (C:\Users\a4_an\.gradle\caches\5.5\fileHashes)" [_thread_blocked, id=26952, stack(0x000000001bc30000,0x000000001bd30000)]
  0x000000001984a800 JavaThread "Thread-9" [_thread_blocked, id=11876, stack(0x000000001ab60000,0x000000001ac60000)]
  0x000000001984a000 JavaThread "Stdin handler" [_thread_blocked, id=26832, stack(0x000000001aa60000,0x000000001ab60000)]
  0x0000000019849000 JavaThread "Asynchronous log dispatcher for DefaultDaemonConnection: socket connection from /127.0.0.1:56361 to /127.0.0.1:56362" [_thread_blocked, id=11720, stack(0x000000001a960000,0x000000001aa60000)]
  0x0000000019842800 JavaThread "Daemon worker" [_thread_in_vm, id=26152, stack(0x000000001a860000,0x000000001a960000)]
  0x0000000019835800 JavaThread "Cancel handler" [_thread_blocked, id=24536, stack(0x000000001a660000,0x000000001a760000)]
  0x00000000197e1000 JavaThread "Handler for socket connection from /127.0.0.1:56361 to /127.0.0.1:56362" [_thread_in_native, id=24516, stack(0x000000001a360000,0x000000001a460000)]
  0x00000000197e0800 JavaThread "Daemon" [_thread_blocked, id=20684, stack(0x000000001a260000,0x000000001a360000)]
  0x00000000197c8000 JavaThread "Daemon periodic checks" [_thread_blocked, id=21744, stack(0x000000001a160000,0x000000001a260000)]
  0x00000000197a5800 JavaThread "Incoming local TCP Connector on port 56361" [_thread_in_native, id=6388, stack(0x0000000019f00000,0x000000001a000000)]
  0x0000000019760800 JavaThread "Daemon health stats" [_thread_blocked, id=19276, stack(0x00000000198c0000,0x00000000199c0000)]
  0x0000000016522800 JavaThread "Service Thread" daemon [_thread_blocked, id=20100, stack(0x0000000017ef0000,0x0000000017ff0000)]
  0x00000000164a4800 JavaThread "C1 CompilerThread3" daemon [_thread_in_vm, id=10972, stack(0x0000000017df0000,0x0000000017ef0000)]
  0x00000000164a3800 JavaThread "C2 CompilerThread2" daemon [_thread_blocked, id=9576, stack(0x0000000017cf0000,0x0000000017df0000)]
=>0x000000001649b800 JavaThread "C2 CompilerThread1" daemon [_thread_in_native, id=24548, stack(0x0000000017bf0000,0x0000000017cf0000)]
  0x0000000016499000 JavaThread "C2 CompilerThread0" daemon [_thread_in_native, id=16864, stack(0x0000000017af0000,0x0000000017bf0000)]
  0x0000000016492800 JavaThread "Attach Listener" daemon [_thread_blocked, id=12352, stack(0x00000000179f0000,0x0000000017af0000)]
  0x00000000164a0000 JavaThread "Signal Dispatcher" daemon [_thread_blocked, id=9416, stack(0x00000000178f0000,0x00000000179f0000)]
  0x0000000014db2800 JavaThread "Finalizer" daemon [_thread_blocked, id=25512, stack(0x00000000176e0000,0x00000000177e0000)]
  0x0000000016483000 JavaThread "Reference Handler" daemon [_thread_blocked, id=12116, stack(0x00000000175e0000,0x00000000176e0000)]
  0x0000000003242800 JavaThread "main" [_thread_blocked, id=28440, stack(0x0000000003140000,0x0000000003240000)]

Other Threads:
  0x0000000016462800 VMThread [stack: 0x00000000174e0000,0x00000000175e0000] [id=16012]
  0x00000000164d4000 WatcherThread [stack: 0x0000000017ff0000,0x00000000180f0000] [id=23848]

VM state:not at safepoint (normal execution)

VM Mutex/Monitor currently owned by a thread: None

heap address: 0x00000000e0000000, size: 512 MB, Compressed Oops mode: 32-bit
Narrow klass base: 0x0000000000000000, Narrow klass shift: 3
Compressed class space size: 1073741824 Address: 0x0000000100000000

Heap:
 PSYoungGen      total 159232K, used 76051K [0x00000000f5580000, 0x0000000100000000, 0x0000000100000000)
  eden space 145920K, 43% used [0x00000000f5580000,0x00000000f93b2128,0x00000000fe400000)
  from space 13312K, 92% used [0x00000000ff300000,0x00000000fff12d18,0x0000000100000000)
  to   space 14336K, 0% used [0x00000000fe400000,0x00000000fe400000,0x00000000ff200000)
 ParOldGen       total 175104K, used 15381K [0x00000000e0000000, 0x00000000eab00000, 0x00000000f5580000)
  object space 175104K, 8% used [0x00000000e0000000,0x00000000e0f057c0,0x00000000eab00000)
 Metaspace       used 48196K, capacity 49586K, committed 49880K, reserved 1091584K
  class space    used 6694K, capacity 7066K, committed 7128K, reserved 1048576K

Card table byte_map: [0x0000000012700000,0x0000000012810000] byte_map_base: 0x0000000012000000

Marking Bits: (ParMarkBitMap*) 0x0000000069bd6d90
 Begin Bits: [0x00000000132c0000, 0x0000000013ac0000)
 End Bits:   [0x0000000013ac0000, 0x00000000142c0000)

Polling page: 0x0000000000fe0000

CodeCache: size=245760Kb used=13660Kb max_used=13660Kb free=232099Kb
 bounds [0x0000000003340000, 0x00000000040b0000, 0x0000000012340000]
 total_blobs=4681 nmethods=3896 adapters=696
 compilation: enabled

Compilation events (10 events):
Event: 8.034 Thread 0x00000000164a4800 4234       3       com.sun.xml.bind.v2.model.nav.TypeVisitor::visit (125 bytes)
Event: 8.034 Thread 0x00000000164a4800 nmethod 4234 0x0000000004094810 code [0x0000000004094a40, 0x0000000004095b58]
Event: 8.034 Thread 0x00000000164a4800 4235       3       com.sun.xml.bind.v2.model.impl.RuntimeClassInfoImpl$RuntimePropertySeed::readAnnotation (11 bytes)
Event: 8.034 Thread 0x00000000164a4800 nmethod 4235 0x0000000004095d50 code [0x0000000004095ec0, 0x00000000040960e8]
Event: 8.034 Thread 0x00000000164a4800 4236       3       com.sun.xml.bind.v2.model.impl.PropertyInfoImpl::reader (8 bytes)
Event: 8.034 Thread 0x00000000164a4800 nmethod 4236 0x00000000040961d0 code [0x0000000004096340, 0x0000000004096590]
Event: 8.034 Thread 0x00000000164a4800 4237       3       com.sun.xml.bind.v2.model.nav.ReflectionNavigator::getReturnType (9 bytes)
Event: 8.035 Thread 0x00000000164a4800 nmethod 4237 0x0000000004096690 code [0x00000000040968a0, 0x0000000004097568]
Event: 8.036 Thread 0x00000000164a3800 nmethod 4231 0x000000000409ae50 code [0x000000000409afc0, 0x000000000409b2c8]
Event: 8.038 Thread 0x00000000164a4800 4238       3       com.sun.xml.bind.v2.model.impl.FieldPropertySeed::readAnnotation (19 bytes)

GC Heap History (10 events):
Event: 6.358 GC heap before
{Heap before GC invocations=6 (full 1):
 PSYoungGen      total 76288K, used 73617K [0x00000000f5580000, 0x00000000fc580000, 0x0000000100000000)
  eden space 65536K, 100% used [0x00000000f5580000,0x00000000f9580000,0x00000000f9580000)
  from space 10752K, 75% used [0x00000000fa000000,0x00000000fa7e4430,0x00000000faa80000)
  to   space 10752K, 0% used [0x00000000f9580000,0x00000000f9580000,0x00000000fa000000)
 ParOldGen       total 175104K, used 10802K [0x00000000e0000000, 0x00000000eab00000, 0x00000000f5580000)
  object space 175104K, 6% used [0x00000000e0000000,0x00000000e0a8c970,0x00000000eab00000)
 Metaspace       used 30975K, capacity 31616K, committed 32000K, reserved 1077248K
  class space    used 4324K, capacity 4539K, committed 4608K, reserved 1048576K
Event: 6.362 GC heap after
Heap after GC invocations=6 (full 1):
 PSYoungGen      total 76288K, used 10352K [0x00000000f5580000, 0x00000000fcd00000, 0x0000000100000000)
  eden space 65536K, 0% used [0x00000000f5580000,0x00000000f5580000,0x00000000f9580000)
  from space 10752K, 96% used [0x00000000f9580000,0x00000000f9f9c368,0x00000000fa000000)
  to   space 12800K, 0% used [0x00000000fc080000,0x00000000fc080000,0x00000000fcd00000)
 ParOldGen       total 175104K, used 10810K [0x00000000e0000000, 0x00000000eab00000, 0x00000000f5580000)
  object space 175104K, 6% used [0x00000000e0000000,0x00000000e0a8e970,0x00000000eab00000)
 Metaspace       used 30975K, capacity 31616K, committed 32000K, reserved 1077248K
  class space    used 4324K, capacity 4539K, committed 4608K, reserved 1048576K
}
Event: 6.710 GC heap before
{Heap before GC invocations=7 (full 1):
 PSYoungGen      total 76288K, used 75888K [0x00000000f5580000, 0x00000000fcd00000, 0x0000000100000000)
  eden space 65536K, 100% used [0x00000000f5580000,0x00000000f9580000,0x00000000f9580000)
  from space 10752K, 96% used [0x00000000f9580000,0x00000000f9f9c368,0x00000000fa000000)
  to   space 12800K, 0% used [0x00000000fc080000,0x00000000fc080000,0x00000000fcd00000)
 ParOldGen       total 175104K, used 10810K [0x00000000e0000000, 0x00000000eab00000, 0x00000000f5580000)
  object space 175104K, 6% used [0x00000000e0000000,0x00000000e0a8e970,0x00000000eab00000)
 Metaspace       used 34366K, capacity 35172K, committed 35328K, reserved 1079296K
  class space    used 4846K, capacity 5099K, committed 5120K, reserved 1048576K
Event: 6.716 GC heap after
Heap after GC invocations=7 (full 1):
 PSYoungGen      total 108544K, used 11282K [0x00000000f5580000, 0x00000000fd300000, 0x0000000100000000)
  eden space 95744K, 0% used [0x00000000f5580000,0x00000000f5580000,0x00000000fb300000)
  from space 12800K, 88% used [0x00000000fc080000,0x00000000fcb849c0,0x00000000fcd00000)
  to   space 13824K, 0% used [0x00000000fb300000,0x00000000fb300000,0x00000000fc080000)
 ParOldGen       total 175104K, used 10818K [0x00000000e0000000, 0x00000000eab00000, 0x00000000f5580000)
  object space 175104K, 6% used [0x00000000e0000000,0x00000000e0a90970,0x00000000eab00000)
 Metaspace       used 34366K, capacity 35172K, committed 35328K, reserved 1079296K
  class space    used 4846K, capacity 5099K, committed 5120K, reserved 1048576K
}
Event: 6.724 GC heap before
{Heap before GC invocations=8 (full 1):
 PSYoungGen      total 108544K, used 15866K [0x00000000f5580000, 0x00000000fd300000, 0x0000000100000000)
  eden space 95744K, 4% used [0x00000000f5580000,0x00000000f59f9ea0,0x00000000fb300000)
  from space 12800K, 88% used [0x00000000fc080000,0x00000000fcb849c0,0x00000000fcd00000)
  to   space 13824K, 0% used [0x00000000fb300000,0x00000000fb300000,0x00000000fc080000)
 ParOldGen       total 175104K, used 10818K [0x00000000e0000000, 0x00000000eab00000, 0x00000000f5580000)
  object space 175104K, 6% used [0x00000000e0000000,0x00000000e0a90970,0x00000000eab00000)
 Metaspace       used 34446K, capacity 35332K, committed 35416K, reserved 1079296K
  class space    used 4865K, capacity 5127K, committed 5208K, reserved 1048576K
Event: 6.727 GC heap after
Heap after GC invocations=8 (full 1):
 PSYoungGen      total 109568K, used 8388K [0x00000000f5580000, 0x0000000100000000, 0x0000000100000000)
  eden space 95744K, 0% used [0x00000000f5580000,0x00000000f5580000,0x00000000fb300000)
  from space 13824K, 60% used [0x00000000fb300000,0x00000000fbb31270,0x00000000fc080000)
  to   space 13312K, 0% used [0x00000000ff300000,0x00000000ff300000,0x0000000100000000)
 ParOldGen       total 175104K, used 10818K [0x00000000e0000000, 0x00000000eab00000, 0x00000000f5580000)
  object space 175104K, 6% used [0x00000000e0000000,0x00000000e0a90970,0x00000000eab00000)
 Metaspace       used 34446K, capacity 35332K, committed 35416K, reserved 1079296K
  class space    used 4865K, capacity 5127K, committed 5208K, reserved 1048576K
}
Event: 6.727 GC heap before
{Heap before GC invocations=9 (full 2):
 PSYoungGen      total 109568K, used 8388K [0x00000000f5580000, 0x0000000100000000, 0x0000000100000000)
  eden space 95744K, 0% used [0x00000000f5580000,0x00000000f5580000,0x00000000fb300000)
  from space 13824K, 60% used [0x00000000fb300000,0x00000000fbb31270,0x00000000fc080000)
  to   space 13312K, 0% used [0x00000000ff300000,0x00000000ff300000,0x0000000100000000)
 ParOldGen       total 175104K, used 10818K [0x00000000e0000000, 0x00000000eab00000, 0x00000000f5580000)
  object space 175104K, 6% used [0x00000000e0000000,0x00000000e0a90970,0x00000000eab00000)
 Metaspace       used 34446K, capacity 35332K, committed 35416K, reserved 1079296K
  class space    used 4865K, capacity 5127K, committed 5208K, reserved 1048576K
Event: 6.756 GC heap after
Heap after GC invocations=9 (full 2):
 PSYoungGen      total 109568K, used 0K [0x00000000f5580000, 0x0000000100000000, 0x0000000100000000)
  eden space 95744K, 0% used [0x00000000f5580000,0x00000000f5580000,0x00000000fb300000)
  from space 13824K, 0% used [0x00000000fb300000,0x00000000fb300000,0x00000000fc080000)
  to   space 13312K, 0% used [0x00000000ff300000,0x00000000ff300000,0x0000000100000000)
 ParOldGen       total 175104K, used 15373K [0x00000000e0000000, 0x00000000eab00000, 0x00000000f5580000)
  object space 175104K, 8% used [0x00000000e0000000,0x00000000e0f037c0,0x00000000eab00000)
 Metaspace       used 34405K, capacity 35200K, committed 35416K, reserved 1079296K
  class space    used 4853K, capacity 5105K, committed 5208K, reserved 1048576K
}
Event: 7.611 GC heap before
{Heap before GC invocations=10 (full 2):
 PSYoungGen      total 109568K, used 95744K [0x00000000f5580000, 0x0000000100000000, 0x0000000100000000)
  eden space 95744K, 100% used [0x00000000f5580000,0x00000000fb300000,0x00000000fb300000)
  from space 13824K, 0% used [0x00000000fb300000,0x00000000fb300000,0x00000000fc080000)
  to   space 13312K, 0% used [0x00000000ff300000,0x00000000ff300000,0x0000000100000000)
 ParOldGen       total 175104K, used 15373K [0x00000000e0000000, 0x00000000eab00000, 0x00000000f5580000)
  object space 175104K, 8% used [0x00000000e0000000,0x00000000e0f037c0,0x00000000eab00000)
 Metaspace       used 43481K, capacity 44596K, committed 44888K, reserved 1087488K
  class space    used 6037K, capacity 6368K, committed 6488K, reserved 1048576K
Event: 7.618 GC heap after
Heap after GC invocations=10 (full 2):
 PSYoungGen      total 159232K, used 12363K [0x00000000f5580000, 0x0000000100000000, 0x0000000100000000)
  eden space 145920K, 0% used [0x00000000f5580000,0x00000000f5580000,0x00000000fe400000)
  from space 13312K, 92% used [0x00000000ff300000,0x00000000fff12d18,0x0000000100000000)
  to   space 14336K, 0% used [0x00000000fe400000,0x00000000fe400000,0x00000000ff200000)
 ParOldGen       total 175104K, used 15381K [0x00000000e0000000, 0x00000000eab00000, 0x00000000f5580000)
  object space 175104K, 8% used [0x00000000e0000000,0x00000000e0f057c0,0x00000000eab00000)
 Metaspace       used 43481K, capacity 44596K, committed 44888K, reserved 1087488K
  class space    used 6037K, capacity 6368K, committed 6488K, reserved 1048576K
}

Deoptimization events (10 events):
Event: 7.516 Thread 0x0000000019842800 Uncommon trap: reason=unstable_if action=reinterpret pc=0x0000000003f1e614 method=java.util.jar.JarFile.maybeInstantiateVerifier()V @ 4
Event: 7.516 Thread 0x0000000019842800 Uncommon trap: reason=unstable_if action=reinterpret pc=0x0000000003dcf5f0 method=java.security.CodeSource.<init>(Ljava/net/URL;[Ljava/security/CodeSigner;)V @ 25
Event: 7.517 Thread 0x0000000019842800 Uncommon trap: reason=unstable_if action=reinterpret pc=0x000000000386c76c method=java.security.CodeSource.getCertificates()[Ljava/security/cert/Certificate; @ 22
Event: 7.517 Thread 0x0000000019842800 Uncommon trap: reason=unstable_if action=reinterpret pc=0x0000000003fe3b00 method=java.util.jar.JarFile.maybeInstantiateVerifier()V @ 4
Event: 7.517 Thread 0x0000000019842800 Uncommon trap: reason=unstable_if action=reinterpret pc=0x0000000003f9402c method=java.util.jar.JarFile.maybeInstantiateVerifier()V @ 4
Event: 7.517 Thread 0x0000000019842800 Uncommon trap: reason=unstable_if action=reinterpret pc=0x000000000380bcb0 method=java.util.jar.JarFile.maybeInstantiateVerifier()V @ 4
Event: 7.528 Thread 0x0000000019842800 Uncommon trap: reason=unstable_if action=reinterpret pc=0x0000000003ebb63c method=java.util.LinkedHashMap.get(Ljava/lang/Object;)Ljava/lang/Object; @ 20
Event: 7.550 Thread 0x0000000019842800 Uncommon trap: reason=unstable_if action=reinterpret pc=0x0000000003d64628 method=java.util.jar.JarFile.maybeInstantiateVerifier()V @ 4
Event: 7.632 Thread 0x0000000019842800 Uncommon trap: reason=unstable_if action=reinterpret pc=0x0000000003c4efa8 method=org.objectweb.asm.ByteVector.putUTF8(Ljava/lang/String;)Lorg/objectweb/asm/ByteVector; @ 93
Event: 7.783 Thread 0x0000000019842800 Uncommon trap: reason=unstable_if action=reinterpret pc=0x0000000003c4a894 method=org.gradle.internal.reflect.PropertyAccessorType.of(Ljava/lang/reflect/Method;)Lorg/gradle/internal/reflect/PropertyAccessorType; @ 56

Classes redefined (0 events):
No events

Internal exceptions (10 events):
Event: 7.920 Thread 0x0000000019842800 Exception <a 'sun/nio/fs/WindowsException'> (0x00000000f815e410) thrown at [C:\re\workspace\8-2-build-windows-amd64-cygwin\jdk8u231\13620\hotspot\src\share\vm\prims\jni.cpp, line 710]
Event: 7.920 Thread 0x0000000019842800 Exception <a 'sun/nio/fs/WindowsException'> (0x00000000f815f328) thrown at [C:\re\workspace\8-2-build-windows-amd64-cygwin\jdk8u231\13620\hotspot\src\share\vm\prims\jni.cpp, line 710]
Event: 7.920 Thread 0x0000000019842800 Exception <a 'sun/nio/fs/WindowsException'> (0x00000000f8161a10) thrown at [C:\re\workspace\8-2-build-windows-amd64-cygwin\jdk8u231\13620\hotspot\src\share\vm\prims\jni.cpp, line 710]
Event: 7.920 Thread 0x0000000019842800 Exception <a 'sun/nio/fs/WindowsException'> (0x00000000f8162968) thrown at [C:\re\workspace\8-2-build-windows-amd64-cygwin\jdk8u231\13620\hotspot\src\share\vm\prims\jni.cpp, line 710]
Event: 7.920 Thread 0x0000000019842800 Exception <a 'sun/nio/fs/WindowsException'> (0x00000000f8167258) thrown at [C:\re\workspace\8-2-build-windows-amd64-cygwin\jdk8u231\13620\hotspot\src\share\vm\prims\jni.cpp, line 710]
Event: 7.920 Thread 0x0000000019842800 Exception <a 'sun/nio/fs/WindowsException'> (0x00000000f81681d8) thrown at [C:\re\workspace\8-2-build-windows-amd64-cygwin\jdk8u231\13620\hotspot\src\share\vm\prims\jni.cpp, line 710]
Event: 7.920 Thread 0x0000000019842800 Exception <a 'sun/nio/fs/WindowsException'> (0x00000000f816a938) thrown at [C:\re\workspace\8-2-build-windows-amd64-cygwin\jdk8u231\13620\hotspot\src\share\vm\prims\jni.cpp, line 710]
Event: 7.920 Thread 0x0000000019842800 Exception <a 'sun/nio/fs/WindowsException'> (0x00000000f816b8f0) thrown at [C:\re\workspace\8-2-build-windows-amd64-cygwin\jdk8u231\13620\hotspot\src\share\vm\prims\jni.cpp, line 710]
Event: 7.928 Thread 0x0000000019842800 Exception <a 'java/lang/ClassNotFoundException': com/sun/org/glassfish/hk2/osgiresourcelocator/ServiceLoader> (0x00000000f81cb398) thrown at [C:\re\workspace\8-2-build-windows-amd64-cygwin\jdk8u231\13620\hotspot\src\share\vm\classfile\systemDictionary.cpp
Event: 7.963 Thread 0x0000000019842800 Exception <a 'java/lang/NullPointerException'> (0x00000000f86a6fb8) thrown at [C:\re\workspace\8-2-build-windows-amd64-cygwin\jdk8u231\13620\hotspot\src\share\vm\interpreter\linkResolver.cpp, line 1287]

Events (10 events):
Event: 8.037 loading class com/android/sdklib/repository/generated/addon/v1/MavenType
Event: 8.037 loading class com/android/sdklib/repository/generated/addon/v1/MavenType done
Event: 8.037 loading class com/android/sdklib/repository/meta/DetailsTypes$MavenType
Event: 8.037 loading class com/android/sdklib/repository/meta/DetailsTypes$MavenType done
Event: 8.037 loading class com/android/sdklib/repository/generated/addon/v1/ExtraDetailsType
Event: 8.037 loading class com/android/sdklib/repository/generated/addon/v1/ExtraDetailsType done
Event: 8.037 loading class com/android/sdklib/repository/generated/addon/v1/AddonDetailsType
Event: 8.037 loading class com/android/sdklib/repository/generated/addon/v1/AddonDetailsType done
Event: 8.037 loading class com/android/sdklib/repository/generated/common/v1/ApiDetailsType
Event: 8.037 loading class com/android/sdklib/repository/generated/common/v1/ApiDetailsType done


Dynamic libraries:
0x00007ff726ac0000 - 0x00007ff726af7000 	C:\Program Files\Java\jdk1.8.0_231\bin\java.exe
0x00007ffa679a0000 - 0x00007ffa67b90000 	C:\Windows\SYSTEM32\ntdll.dll
0x00007ffa66080000 - 0x00007ffa66132000 	C:\Windows\System32\KERNEL32.DLL
0x00007ffa64f70000 - 0x00007ffa65213000 	C:\Windows\System32\KERNELBASE.dll
0x00007ffa665c0000 - 0x00007ffa66663000 	C:\Windows\System32\ADVAPI32.dll
0x00007ffa66150000 - 0x00007ffa661ee000 	C:\Windows\System32\msvcrt.dll
0x00007ffa67450000 - 0x00007ffa674e7000 	C:\Windows\System32\sechost.dll
0x00007ffa66400000 - 0x00007ffa66520000 	C:\Windows\System32\RPCRT4.dll
0x00007ffa65b10000 - 0x00007ffa65ca4000 	C:\Windows\System32\USER32.dll
0x00007ffa64930000 - 0x00007ffa64951000 	C:\Windows\System32\win32u.dll
0x00007ffa65e30000 - 0x00007ffa65e56000 	C:\Windows\System32\GDI32.dll
0x00007ffa64c20000 - 0x00007ffa64db4000 	C:\Windows\System32\gdi32full.dll
0x00007ffa649b0000 - 0x00007ffa64a4e000 	C:\Windows\System32\msvcp_win.dll
0x00007ffa64ad0000 - 0x00007ffa64bca000 	C:\Windows\System32\ucrtbase.dll
0x00007ffa531f0000 - 0x00007ffa53475000 	C:\Windows\WinSxS\amd64_microsoft.windows.common-controls_6595b64144ccf1df_6.0.18362.535_none_e6c3b34713100821\COMCTL32.dll
0x00007ffa67620000 - 0x00007ffa67956000 	C:\Windows\System32\combase.dll
0x00007ffa64a50000 - 0x00007ffa64ad0000 	C:\Windows\System32\bcryptPrimitives.dll
0x00007ffa65ee0000 - 0x00007ffa65f0e000 	C:\Windows\System32\IMM32.DLL
0x000000006b150000 - 0x000000006b222000 	C:\Program Files\Java\jdk1.8.0_231\jre\bin\msvcr100.dll
0x00000000693b0000 - 0x0000000069c56000 	C:\Program Files\Java\jdk1.8.0_231\jre\bin\server\jvm.dll
0x00007ffa66590000 - 0x00007ffa66598000 	C:\Windows\System32\PSAPI.DLL
0x00007ffa5fbd0000 - 0x00007ffa5fbd9000 	C:\Windows\SYSTEM32\WSOCK32.dll
0x00007ffa5dd80000 - 0x00007ffa5dda4000 	C:\Windows\SYSTEM32\WINMM.dll
0x00007ffa5d170000 - 0x00007ffa5d17a000 	C:\Windows\SYSTEM32\VERSION.dll
0x00007ffa66520000 - 0x00007ffa6658f000 	C:\Windows\System32\WS2_32.dll
0x00007ffa5dd50000 - 0x00007ffa5dd7d000 	C:\Windows\SYSTEM32\WINMMBASE.dll
0x00007ffa64960000 - 0x00007ffa649aa000 	C:\Windows\System32\cfgmgr32.dll
0x00007ffa60020000 - 0x00007ffa6002f000 	C:\Program Files\Java\jdk1.8.0_231\jre\bin\verify.dll
0x00007ffa57640000 - 0x00007ffa57669000 	C:\Program Files\Java\jdk1.8.0_231\jre\bin\java.dll
0x00007ffa56fa0000 - 0x00007ffa56fb6000 	C:\Program Files\Java\jdk1.8.0_231\jre\bin\zip.dll
0x00007ffa66c90000 - 0x00007ffa67375000 	C:\Windows\System32\SHELL32.dll
0x00007ffa65d80000 - 0x00007ffa65e29000 	C:\Windows\System32\shcore.dll
0x00007ffa65220000 - 0x00007ffa6599f000 	C:\Windows\System32\windows.storage.dll
0x00007ffa64880000 - 0x00007ffa6489f000 	C:\Windows\System32\profapi.dll
0x00007ffa648e0000 - 0x00007ffa6492a000 	C:\Windows\System32\powrprof.dll
0x00007ffa64870000 - 0x00007ffa64880000 	C:\Windows\System32\UMPDC.dll
0x00007ffa65ab0000 - 0x00007ffa65b02000 	C:\Windows\System32\shlwapi.dll
0x00007ffa648c0000 - 0x00007ffa648d1000 	C:\Windows\System32\kernel.appcore.dll
0x00007ffa64bd0000 - 0x00007ffa64be7000 	C:\Windows\System32\cryptsp.dll
0x00007ffa56f80000 - 0x00007ffa56f9a000 	C:\Program Files\Java\jdk1.8.0_231\jre\bin\net.dll
0x00007ffa640e0000 - 0x00007ffa64147000 	C:\Windows\system32\mswsock.dll
0x00007ffa56f60000 - 0x00007ffa56f72000 	C:\Program Files\Java\jdk1.8.0_231\jre\bin\nio.dll
0x00007ffa1ba80000 - 0x00007ffa1baa6000 	C:\Users\a4_an\.gradle\native\29\windows-amd64\native-platform.dll
0x00007ffa576b0000 - 0x00007ffa576bd000 	C:\Program Files\Java\jdk1.8.0_231\jre\bin\management.dll
0x00007ffa63c50000 - 0x00007ffa63c83000 	C:\Windows\system32\rsaenh.dll
0x00007ffa64bf0000 - 0x00007ffa64c16000 	C:\Windows\System32\bcrypt.dll
0x00007ffa64790000 - 0x00007ffa647b5000 	C:\Windows\SYSTEM32\USERENV.dll
0x00007ffa642b0000 - 0x00007ffa642bc000 	C:\Windows\SYSTEM32\CRYPTBASE.dll
0x00007ffa63df0000 - 0x00007ffa63e2a000 	C:\Windows\SYSTEM32\IPHLPAPI.DLL
0x00007ffa66070000 - 0x00007ffa66078000 	C:\Windows\System32\NSI.dll
0x00007ffa5db50000 - 0x00007ffa5db66000 	C:\Windows\SYSTEM32\dhcpcsvc6.DLL
0x00007ffa5d930000 - 0x00007ffa5d94c000 	C:\Windows\SYSTEM32\dhcpcsvc.DLL
0x00007ffa63e30000 - 0x00007ffa63efa000 	C:\Windows\SYSTEM32\DNSAPI.dll

VM Arguments:
jvm_args: -XX:MaxMetaspaceSize=256m -XX:+HeapDumpOnOutOfMemoryError -Xms256m -Xmx512m -Dfile.encoding=windows-1252 -Duser.country=BR -Duser.language=pt -Duser.variant 
java_command: org.gradle.launcher.daemon.bootstrap.GradleDaemon 5.5
java_class_path (initial): C:\Users\a4_an\.gradle\wrapper\dists\gradle-5.5-all\byeise1led9a3w3p149d02kfj\gradle-5.5\lib\gradle-launcher-5.5.jar
Launcher Type: SUN_STANDARD

Environment Variables:
JAVA_HOME=C:\Program Files\Java\jdk1.8.0_231
CLASSPATH=C:\Users\a4_an\Videos\Gympoint\Frontend\Mobile\android\\gradle\wrapper\gradle-wrapper.jar
PATH=C:\Users\a4_an\Videos\Gympoint\Frontend\Mobile\node_modules\.bin;C:\Python27\;C:\Python27\Scripts;C:\Windows\system32;C:\Windows;C:\Windows\System32\Wbem;C:\Windows\System32\WindowsPowerShell\v1.0\;C:\Windows\System32\OpenSSH\;C:\Program Files (x86)\NVIDIA Corporation\PhysX\Common;C:\Program Files\NVIDIA Corporation\NVIDIA NvDLISR;D:\YARN\bin\;C:\ProgramData\chocolatey\bin;C:\Program Files\Java\jdk1.8.0_231\bin;D:\Git\cmd;C:\Program Files\nodejs\;C:\Users\a4_an\AppData\Local\Microsoft\WindowsApps;D:\Microsoft VS Code\bin;C:\Users\a4_an\AppData\Local\Yarn\bin;D:\Docker Toolbox;D:\SDKAndroid\platform-tools;D:\SDKAndroid\tools;C:\Users\a4_an\AppData\Local\GitHubDesktop\bin;C:\Users\a4_an\AppData\Roaming\npm
USERNAME=a4_an
OS=Windows_NT
PROCESSOR_IDENTIFIER=Intel64 Family 6 Model 158 Stepping 10, GenuineIntel



---------------  S Y S T E M  ---------------

OS: Windows 10.0 , 64 bit Build 18362 (10.0.18362.329)

CPU:total 12 (initial active 12) (6 cores per cpu, 2 threads per core) family 6 model 158 stepping 10, cmov, cx8, fxsr, mmx, sse, sse2, sse3, ssse3, sse4.1, sse4.2, popcnt, avx, avx2, aes, clmul, erms, 3dnowpref, lzcnt, ht, tsc, tscinvbit, bmi1, bmi2, adx

Memory: 4k page, physical 16585576k(3511896k free), swap 29703396k(5548k free)

vm_info: Java HotSpot(TM) 64-Bit Server VM (25.231-b11) for windows-amd64 JRE (1.8.0_231-b11), built on Oct  5 2019 03:11:30 by "java_re" with MS VC++ 10.0 (VS2010)

time: Sat Dec 21 10:15:40 2019
timezone: Hora oficial do Brasil
elapsed time: 8 seconds (0d 0h 0m 8s)

