#
# There is insufficient memory for the Java Runtime Environment to continue.
# Native memory allocation (malloc) failed to allocate 1096976 bytes for Chunk::new
# Possible reasons:
#   The system is out of physical RAM or swap space
#   The process is running with CompressedOops enabled, and the Java Heap may be blocking the growth of the native heap
# Possible solutions:
#   Reduce memory load on the system
#   Increase physical memory or swap space
#   Check if swap backing store is full
#   Decrease Java heap size (-Xmx/-Xms)
#   Decrease number of Java threads
#   Decrease Java thread stack sizes (-Xss)
#   Set larger code cache with -XX:ReservedCodeCacheSize=
#   JVM is running with Unscaled Compressed Oops mode in which the Java heap is
#     placed in the first 4GB address space. The Java Heap base address is the
#     maximum limit for the native heap growth. Please use -XX:HeapBaseMinAddress
#     to set the Java Heap base and to place the Java Heap above 4GB virtual address.
# This output file may be truncated or incomplete.
#
#  Out of Memory Error (allocation.cpp:389), pid=28228, tid=0x0000000000005508
#
# JRE version: Java(TM) SE Runtime Environment (8.0_231-b11) (build 1.8.0_231-b11)
# Java VM: Java HotSpot(TM) 64-Bit Server VM (25.231-b11 mixed mode windows-amd64 compressed oops)
# Failed to write core dump. Minidumps are not enabled by default on client versions of Windows
#

---------------  T H R E A D  ---------------

Current thread (0x000000001610f800):  JavaThread "C2 CompilerThread0" daemon [_thread_in_native, id=21768, stack(0x0000000017780000,0x0000000017880000)]

Stack: [0x0000000017780000,0x0000000017880000]
[error occurred during error reporting (printing stack bounds), id 0xc0000005]

Native frames: (J=compiled Java code, j=interpreted, Vv=VM code, C=native code)


Current CompileTask:
C2:   8659 5587       4       java.lang.Class::getMethod0 (40 bytes)


---------------  P R O C E S S  ---------------

Java Threads: ( => current thread )
  0x000000001c582000 JavaThread "pool-1-thread-1" [_thread_blocked, id=16780, stack(0x000000001e660000,0x000000001e760000)]
  0x000000001c58b000 JavaThread "Build operations Thread 12" [_thread_blocked, id=17352, stack(0x0000000021ef0000,0x0000000021ff0000)]
  0x000000001c588800 JavaThread "Build operations Thread 11" [_thread_blocked, id=1752, stack(0x0000000021df0000,0x0000000021ef0000)]
  0x000000001c588000 JavaThread "Build operations Thread 10" [_thread_blocked, id=11812, stack(0x0000000021cf0000,0x0000000021df0000)]
  0x000000001c585800 JavaThread "Build operations Thread 9" [_thread_blocked, id=2868, stack(0x0000000021bf0000,0x0000000021cf0000)]
  0x000000001c57e000 JavaThread "Build operations Thread 8" [_thread_blocked, id=28748, stack(0x0000000021af0000,0x0000000021bf0000)]
  0x000000001c585000 JavaThread "Build operations Thread 7" [_thread_blocked, id=23652, stack(0x00000000219f0000,0x0000000021af0000)]
  0x000000001c57d800 JavaThread "Build operations Thread 6" [_thread_blocked, id=24072, stack(0x00000000218f0000,0x00000000219f0000)]
  0x000000001c584000 JavaThread "Build operations Thread 5" [_thread_blocked, id=19288, stack(0x00000000217f0000,0x00000000218f0000)]
  0x000000001c57c800 JavaThread "Build operations Thread 4" [_thread_blocked, id=23784, stack(0x00000000216f0000,0x00000000217f0000)]
  0x000000001c583800 JavaThread "Build operations Thread 3" [_thread_blocked, id=25936, stack(0x00000000215f0000,0x00000000216f0000)]
  0x000000001c580800 JavaThread "Build operations Thread 2" [_thread_blocked, id=27180, stack(0x00000000214f0000,0x00000000215f0000)]
  0x000000001c57c000 JavaThread "Build operations" [_thread_blocked, id=26052, stack(0x00000000213f0000,0x00000000214f0000)]
  0x000000001c582800 JavaThread "Cache worker for execution history cache (C:\Users\a4_an\.gradle\caches\5.5\executionHistory)" [_thread_blocked, id=23236, stack(0x0000000020fd0000,0x00000000210d0000)]
  0x000000001950b000 JavaThread "Cache worker for file hash cache (C:\Users\a4_an\Videos\Gympoint\Frontend\Mobile\android\.gradle\5.5\fileHashes)" [_thread_blocked, id=28644, stack(0x000000001cd90000,0x000000001ce90000)]
  0x000000001950b800 JavaThread "Cache worker for journal cache (C:\Users\a4_an\.gradle\caches\journal-1)" [_thread_blocked, id=9604, stack(0x000000001bac0000,0x000000001bbc0000)]
  0x000000001950a000 JavaThread "File lock request listener" [_thread_in_native, id=28804, stack(0x000000001b9c0000,0x000000001bac0000)]
  0x0000000019509800 JavaThread "Cache worker for file hash cache (C:\Users\a4_an\.gradle\caches\5.5\fileHashes)" [_thread_blocked, id=20360, stack(0x000000001b8c0000,0x000000001b9c0000)]
  0x00000000194b5000 JavaThread "Thread-9" [_thread_blocked, id=11580, stack(0x000000001a7f0000,0x000000001a8f0000)]
  0x00000000194a7000 JavaThread "Stdin handler" [_thread_blocked, id=27672, stack(0x000000001a6f0000,0x000000001a7f0000)]
  0x00000000193bb000 JavaThread "Asynchronous log dispatcher for DefaultDaemonConnection: socket connection from /127.0.0.1:54539 to /127.0.0.1:54540" [_thread_blocked, id=18492, stack(0x000000001a5f0000,0x000000001a6f0000)]
  0x00000000193ba000 JavaThread "Daemon worker" [_thread_in_native, id=22212, stack(0x000000001a4f0000,0x000000001a5f0000)]
  0x00000000193b9800 JavaThread "Cancel handler" [_thread_blocked, id=7996, stack(0x000000001a2f0000,0x000000001a3f0000)]
  0x00000000193b7800 JavaThread "Handler for socket connection from /127.0.0.1:54539 to /127.0.0.1:54540" [_thread_in_native, id=20760, stack(0x0000000019ff0000,0x000000001a0f0000)]
  0x00000000193b6800 JavaThread "Daemon" [_thread_blocked, id=3236, stack(0x0000000019ef0000,0x0000000019ff0000)]
  0x0000000019477800 JavaThread "Daemon periodic checks" [_thread_blocked, id=27424, stack(0x0000000019df0000,0x0000000019ef0000)]
  0x0000000019355000 JavaThread "Incoming local TCP Connector on port 54539" [_thread_in_native, id=22236, stack(0x0000000019b90000,0x0000000019c90000)]
  0x0000000019017800 JavaThread "Daemon health stats" [_thread_blocked, id=18204, stack(0x0000000019550000,0x0000000019650000)]
  0x00000000161ad800 JavaThread "Service Thread" daemon [_thread_blocked, id=6596, stack(0x0000000017b80000,0x0000000017c80000)]
  0x000000001612a000 JavaThread "C1 CompilerThread3" daemon [_thread_blocked, id=22760, stack(0x0000000017a80000,0x0000000017b80000)]
  0x0000000016129000 JavaThread "C2 CompilerThread2" daemon [_thread_blocked, id=18008, stack(0x0000000017980000,0x0000000017a80000)]
  0x0000000016119000 JavaThread "C2 CompilerThread1" daemon [_thread_in_native, id=13160, stack(0x0000000017880000,0x0000000017980000)]
=>0x000000001610f800 JavaThread "C2 CompilerThread0" daemon [_thread_in_native, id=21768, stack(0x0000000017780000,0x0000000017880000)]
  0x0000000016109000 JavaThread "Attach Listener" daemon [_thread_blocked, id=468, stack(0x0000000017680000,0x0000000017780000)]
  0x0000000016118000 JavaThread "Signal Dispatcher" daemon [_thread_blocked, id=732, stack(0x0000000017580000,0x0000000017680000)]
  0x0000000014a32800 JavaThread "Finalizer" daemon [_thread_blocked, id=20600, stack(0x0000000017370000,0x0000000017470000)]
  0x0000000016103000 JavaThread "Reference Handler" daemon [_thread_blocked, id=20980, stack(0x0000000017270000,0x0000000017370000)]
  0x0000000002e82800 JavaThread "main" [_thread_blocked, id=11892, stack(0x0000000002d30000,0x0000000002e30000)]

Other Threads:
  0x00000000160e2800 VMThread [stack: 0x0000000017170000,0x0000000017270000] [id=3064]
  0x00000000161c7800 WatcherThread [stack: 0x0000000017c80000,0x0000000017d80000] [id=10304]

VM state:not at safepoint (normal execution)

VM Mutex/Monitor currently owned by a thread:  ([mutex/lock_event])
[0x0000000003068ea0] CodeCache_lock - owner thread: 0x0000000000000000

heap address: 0x00000000e0000000, size: 512 MB, Compressed Oops mode: 32-bit
Narrow klass base: 0x0000000000000000, Narrow klass shift: 3
Compressed class space size: 1073741824 Address: 0x0000000100000000

Heap:
 PSYoungGen      total 151040K, used 62941K [0x00000000f5580000, 0x0000000100000000, 0x0000000100000000)
  eden space 136704K, 46% used [0x00000000f5580000,0x00000000f92f77c0,0x00000000fdb00000)
  from space 14336K, 0% used [0x00000000ff200000,0x00000000ff200000,0x0000000100000000)
  to   space 18944K, 0% used [0x00000000fdb00000,0x00000000fdb00000,0x00000000fed80000)
 ParOldGen       total 175104K, used 29119K [0x00000000e0000000, 0x00000000eab00000, 0x00000000f5580000)
  object space 175104K, 16% used [0x00000000e0000000,0x00000000e1c6fc08,0x00000000eab00000)
 Metaspace       used 59918K, capacity 61892K, committed 62100K, reserved 1101824K
  class space    used 8265K, capacity 8759K, committed 8852K, reserved 1048576K

Card table byte_map: [0x0000000012430000,0x0000000012540000] byte_map_base: 0x0000000011d30000

Marking Bits: (ParMarkBitMap*) 0x0000000069bd6d90
 Begin Bits: [0x0000000012f40000, 0x0000000013740000)
 End Bits:   [0x0000000013740000, 0x0000000013f40000)

Polling page: 0x0000000000bd0000

CodeCache: size=245760Kb used=16767Kb max_used=17939Kb free=228992Kb
 bounds [0x0000000003070000, 0x0000000004210000, 0x0000000012070000]
 total_blobs=5892 nmethods=5076 adapters=728
 compilation: enabled

Compilation events (10 events):
Event: 8.656 Thread 0x000000001612a000 nmethod 5678 0x0000000003a21690 code [0x0000000003a21800, 0x0000000003a21ac8]
Event: 8.656 Thread 0x000000001612a000 5677  s!   3       org.gradle.internal.service.DefaultServiceRegistry$ManagedObjectServiceProvider::stop (59 bytes)
Event: 8.657 Thread 0x000000001612a000 nmethod 5677 0x00000000035c2910 code [0x00000000035c2b40, 0x00000000035c3798]
Event: 8.657 Thread 0x000000001612a000 5676       3       java.util.concurrent.ConcurrentLinkedQueue$Itr::hasNext (13 bytes)
Event: 8.657 Thread 0x000000001612a000 nmethod 5676 0x0000000003547a10 code [0x0000000003547b60, 0x0000000003547d10]
Event: 8.657 Thread 0x000000001612a000 5680       3       java.util.concurrent.atomic.AtomicLong::compareAndSet (13 bytes)
Event: 8.657 Thread 0x000000001612a000 nmethod 5680 0x000000000383de10 code [0x000000000383df60, 0x000000000383e0d0]
Event: 8.657 Thread 0x000000001612a000 5679       3       java.util.concurrent.ConcurrentLinkedQueue::iterator (9 bytes)
Event: 8.657 Thread 0x000000001612a000 nmethod 5679 0x0000000003595910 code [0x0000000003595a80, 0x0000000003595d48]
Event: 8.657 Thread 0x000000001612a000 5681       3       org.gradle.internal.concurrent.CompositeStoppable$1::stop (1 bytes)

GC Heap History (10 events):
Event: 6.227 GC heap before
{Heap before GC invocations=9 (full 2):
 PSYoungGen      total 110592K, used 8468K [0x00000000f5580000, 0x0000000100000000, 0x0000000100000000)
  eden space 96768K, 0% used [0x00000000f5580000,0x00000000f5580000,0x00000000fb400000)
  from space 13824K, 61% used [0x00000000fb400000,0x00000000fbc45260,0x00000000fc180000)
  to   space 13312K, 0% used [0x00000000ff300000,0x00000000ff300000,0x0000000100000000)
 ParOldGen       total 175104K, used 10831K [0x00000000e0000000, 0x00000000eab00000, 0x00000000f5580000)
  object space 175104K, 6% used [0x00000000e0000000,0x00000000e0a93d18,0x00000000eab00000)
 Metaspace       used 34430K, capacity 35288K, committed 35416K, reserved 1079296K
  class space    used 4868K, capacity 5127K, committed 5208K, reserved 1048576K
Event: 6.256 GC heap after
Heap after GC invocations=9 (full 2):
 PSYoungGen      total 110592K, used 0K [0x00000000f5580000, 0x0000000100000000, 0x0000000100000000)
  eden space 96768K, 0% used [0x00000000f5580000,0x00000000f5580000,0x00000000fb400000)
  from space 13824K, 0% used [0x00000000fb400000,0x00000000fb400000,0x00000000fc180000)
  to   space 13312K, 0% used [0x00000000ff300000,0x00000000ff300000,0x0000000100000000)
 ParOldGen       total 175104K, used 15451K [0x00000000e0000000, 0x00000000eab00000, 0x00000000f5580000)
  object space 175104K, 8% used [0x00000000e0000000,0x00000000e0f16dd0,0x00000000eab00000)
 Metaspace       used 34384K, capacity 35138K, committed 35416K, reserved 1079296K
  class space    used 4854K, capacity 5102K, committed 5208K, reserved 1048576K
}
Event: 6.964 GC heap before
{Heap before GC invocations=10 (full 2):
 PSYoungGen      total 110592K, used 96768K [0x00000000f5580000, 0x0000000100000000, 0x0000000100000000)
  eden space 96768K, 100% used [0x00000000f5580000,0x00000000fb400000,0x00000000fb400000)
  from space 13824K, 0% used [0x00000000fb400000,0x00000000fb400000,0x00000000fc180000)
  to   space 13312K, 0% used [0x00000000ff300000,0x00000000ff300000,0x0000000100000000)
 ParOldGen       total 175104K, used 15451K [0x00000000e0000000, 0x00000000eab00000, 0x00000000f5580000)
  object space 175104K, 8% used [0x00000000e0000000,0x00000000e0f16dd0,0x00000000eab00000)
 Metaspace       used 43632K, capacity 44714K, committed 44888K, reserved 1087488K
  class space    used 6052K, capacity 6391K, committed 6488K, reserved 1048576K
Event: 6.971 GC heap after
Heap after GC invocations=10 (full 2):
 PSYoungGen      total 159232K, used 12608K [0x00000000f5580000, 0x0000000100000000, 0x0000000100000000)
  eden space 145920K, 0% used [0x00000000f5580000,0x00000000f5580000,0x00000000fe400000)
  from space 13312K, 94% used [0x00000000ff300000,0x00000000fff500a8,0x0000000100000000)
  to   space 14336K, 0% used [0x00000000fe400000,0x00000000fe400000,0x00000000ff200000)
 ParOldGen       total 175104K, used 15459K [0x00000000e0000000, 0x00000000eab00000, 0x00000000f5580000)
  object space 175104K, 8% used [0x00000000e0000000,0x00000000e0f18dd0,0x00000000eab00000)
 Metaspace       used 43632K, capacity 44714K, committed 44888K, reserved 1087488K
  class space    used 6052K, capacity 6391K, committed 6488K, reserved 1048576K
}
Event: 7.950 GC heap before
{Heap before GC invocations=11 (full 2):
 PSYoungGen      total 159232K, used 158528K [0x00000000f5580000, 0x0000000100000000, 0x0000000100000000)
  eden space 145920K, 100% used [0x00000000f5580000,0x00000000fe400000,0x00000000fe400000)
  from space 13312K, 94% used [0x00000000ff300000,0x00000000fff500a8,0x0000000100000000)
  to   space 14336K, 0% used [0x00000000fe400000,0x00000000fe400000,0x00000000ff200000)
 ParOldGen       total 175104K, used 15459K [0x00000000e0000000, 0x00000000eab00000, 0x00000000f5580000)
  object space 175104K, 8% used [0x00000000e0000000,0x00000000e0f18dd0,0x00000000eab00000)
 Metaspace       used 55802K, capacity 57366K, committed 57560K, reserved 1099776K
  class space    used 7642K, capacity 8088K, committed 8152K, reserved 1048576K
Event: 7.964 GC heap after
Heap after GC invocations=11 (full 2):
 PSYoungGen      total 160256K, used 14327K [0x00000000f5580000, 0x0000000100000000, 0x0000000100000000)
  eden space 145920K, 0% used [0x00000000f5580000,0x00000000f5580000,0x00000000fe400000)
  from space 14336K, 99% used [0x00000000fe400000,0x00000000ff1fdd50,0x00000000ff200000)
  to   space 14336K, 0% used [0x00000000ff200000,0x00000000ff200000,0x0000000100000000)
 ParOldGen       total 175104K, used 22358K [0x00000000e0000000, 0x00000000eab00000, 0x00000000f5580000)
  object space 175104K, 12% used [0x00000000e0000000,0x00000000e15d5968,0x00000000eab00000)
 Metaspace       used 55802K, capacity 57366K, committed 57560K, reserved 1099776K
  class space    used 7642K, capacity 8088K, committed 8152K, reserved 1048576K
}
Event: 8.092 GC heap before
{Heap before GC invocations=12 (full 2):
 PSYoungGen      total 160256K, used 38977K [0x00000000f5580000, 0x0000000100000000, 0x0000000100000000)
  eden space 145920K, 16% used [0x00000000f5580000,0x00000000f6d92788,0x00000000fe400000)
  from space 14336K, 99% used [0x00000000fe400000,0x00000000ff1fdd50,0x00000000ff200000)
  to   space 14336K, 0% used [0x00000000ff200000,0x00000000ff200000,0x0000000100000000)
 ParOldGen       total 175104K, used 22358K [0x00000000e0000000, 0x00000000eab00000, 0x00000000f5580000)
  object space 175104K, 12% used [0x00000000e0000000,0x00000000e15d5968,0x00000000eab00000)
 Metaspace       used 57417K, capacity 58986K, committed 59028K, reserved 1099776K
  class space    used 7888K, capacity 8326K, committed 8340K, reserved 1048576K
Event: 8.098 GC heap after
Heap after GC invocations=12 (full 2):
 PSYoungGen      total 151040K, used 14325K [0x00000000f5580000, 0x0000000100000000, 0x0000000100000000)
  eden space 136704K, 0% used [0x00000000f5580000,0x00000000f5580000,0x00000000fdb00000)
  from space 14336K, 99% used [0x00000000ff200000,0x00000000ffffd7a0,0x0000000100000000)
  to   space 18944K, 0% used [0x00000000fdb00000,0x00000000fdb00000,0x00000000fed80000)
 ParOldGen       total 175104K, used 22856K [0x00000000e0000000, 0x00000000eab00000, 0x00000000f5580000)
  object space 175104K, 13% used [0x00000000e0000000,0x00000000e16521b0,0x00000000eab00000)
 Metaspace       used 57417K, capacity 58986K, committed 59028K, reserved 1099776K
  class space    used 7888K, capacity 8326K, committed 8340K, reserved 1048576K
}
Event: 8.098 GC heap before
{Heap before GC invocations=13 (full 3):
 PSYoungGen      total 151040K, used 14325K [0x00000000f5580000, 0x0000000100000000, 0x0000000100000000)
  eden space 136704K, 0% used [0x00000000f5580000,0x00000000f5580000,0x00000000fdb00000)
  from space 14336K, 99% used [0x00000000ff200000,0x00000000ffffd7a0,0x0000000100000000)
  to   space 18944K, 0% used [0x00000000fdb00000,0x00000000fdb00000,0x00000000fed80000)
 ParOldGen       total 175104K, used 22856K [0x00000000e0000000, 0x00000000eab00000, 0x00000000f5580000)
  object space 175104K, 13% used [0x00000000e0000000,0x00000000e16521b0,0x00000000eab00000)
 Metaspace       used 57417K, capacity 58986K, committed 59028K, reserved 1099776K
  class space    used 7888K, capacity 8326K, committed 8340K, reserved 1048576K
Event: 8.220 GC heap after
Heap after GC invocations=13 (full 3):
 PSYoungGen      total 151040K, used 0K [0x00000000f5580000, 0x0000000100000000, 0x0000000100000000)
  eden space 136704K, 0% used [0x00000000f5580000,0x00000000f5580000,0x00000000fdb00000)
  from space 14336K, 0% used [0x00000000ff200000,0x00000000ff200000,0x0000000100000000)
  to   space 18944K, 0% used [0x00000000fdb00000,0x00000000fdb00000,0x00000000fed80000)
 ParOldGen       total 175104K, used 29119K [0x00000000e0000000, 0x00000000eab00000, 0x00000000f5580000)
  object space 175104K, 16% used [0x00000000e0000000,0x00000000e1c6fc08,0x00000000eab00000)
 Metaspace       used 57417K, capacity 58986K, committed 59028K, reserved 1099776K
  class space    used 7888K, capacity 8326K, committed 8340K, reserved 1048576K
}

Deoptimization events (10 events):
Event: 8.616 Thread 0x00000000193ba000 Uncommon trap: reason=class_check action=maybe_recompile pc=0x00000000034a4310 method=org.gradle.internal.logging.text.AbstractLineChoppingStyledTextOutput$StateContext.flushLineText()V @ 110
Event: 8.617 Thread 0x00000000193ba000 Uncommon trap: reason=class_check action=maybe_recompile pc=0x00000000034a4310 method=org.gradle.internal.logging.text.AbstractLineChoppingStyledTextOutput$StateContext.flushLineText()V @ 110
Event: 8.617 Thread 0x00000000193ba000 Uncommon trap: reason=class_check action=maybe_recompile pc=0x00000000034a4310 method=org.gradle.internal.logging.text.AbstractLineChoppingStyledTextOutput$StateContext.flushLineText()V @ 110
Event: 8.617 Thread 0x00000000193ba000 Uncommon trap: reason=class_check action=maybe_recompile pc=0x00000000034a4310 method=org.gradle.internal.logging.text.AbstractLineChoppingStyledTextOutput$StateContext.flushLineText()V @ 110
Event: 8.622 Thread 0x00000000193ba000 Uncommon trap: reason=unstable_if action=reinterpret pc=0x0000000003527550 method=java.lang.Class.arrayContentsEq([Ljava/lang/Object;[Ljava/lang/Object;)Z @ 1
Event: 8.631 Thread 0x00000000193ba000 Uncommon trap: reason=class_check action=maybe_recompile pc=0x0000000003207ce8 method=java.lang.String.equals(Ljava/lang/Object;)Z @ 8
Event: 8.631 Thread 0x00000000193ba000 Uncommon trap: reason=class_check action=maybe_recompile pc=0x0000000003207ce8 method=java.lang.String.equals(Ljava/lang/Object;)Z @ 8
Event: 8.631 Thread 0x00000000193ba000 Uncommon trap: reason=class_check action=maybe_recompile pc=0x0000000003207ce8 method=java.lang.String.equals(Ljava/lang/Object;)Z @ 8
Event: 8.631 Thread 0x00000000193ba000 Uncommon trap: reason=class_check action=maybe_recompile pc=0x0000000003207ce8 method=java.lang.String.equals(Ljava/lang/Object;)Z @ 8
Event: 8.634 Thread 0x00000000193ba000 Uncommon trap: reason=unstable_if action=reinterpret pc=0x00000000036e9508 method=java.lang.Class.arrayContentsEq([Ljava/lang/Object;[Ljava/lang/Object;)Z @ 1

Classes redefined (0 events):
No events

Internal exceptions (10 events):
Event: 8.577 Thread 0x00000000193ba000 Exception <a 'java/lang/ClassNotFoundException': java/lang/ThrowableCustomizer> (0x00000000f8a46c18) thrown at [C:\re\workspace\8-2-build-windows-amd64-cygwin\jdk8u231\13620\hotspot\src\share\vm\classfile\systemDictionary.cpp, line 210]
Event: 8.578 Thread 0x00000000193ba000 Exception <a 'java/lang/ClassNotFoundException': java/lang/ExceptionCustomizer> (0x00000000f8a549a0) thrown at [C:\re\workspace\8-2-build-windows-amd64-cygwin\jdk8u231\13620\hotspot\src\share\vm\classfile\systemDictionary.cpp, line 210]
Event: 8.578 Thread 0x00000000193ba000 Exception <a 'java/lang/reflect/InvocationTargetException'> (0x00000000f8a5c270) thrown at [C:\re\workspace\8-2-build-windows-amd64-cygwin\jdk8u231\13620\hotspot\src\share\vm\runtime\reflection.cpp, line 1092]
Event: 8.578 Thread 0x00000000193ba000 Exception <a 'java/lang/reflect/InvocationTargetException'> (0x00000000f8a5ce08) thrown at [C:\re\workspace\8-2-build-windows-amd64-cygwin\jdk8u231\13620\hotspot\src\share\vm\runtime\reflection.cpp, line 1092]
Event: 8.583 Thread 0x00000000193ba000 Exception <a 'java/lang/ClassNotFoundException': org/gradle/api/internal/plugins/DefaultPluginContainerBeanInfo> (0x00000000f8bc5f38) thrown at [C:\re\workspace\8-2-build-windows-amd64-cygwin\jdk8u231\13620\hotspot\src\share\vm\classfile\systemDictionary.
Event: 8.583 Thread 0x00000000193ba000 Exception <a 'java/lang/ClassNotFoundException': org/gradle/api/internal/plugins/DefaultPluginCollectionBeanInfo> (0x00000000f8bdf848) thrown at [C:\re\workspace\8-2-build-windows-amd64-cygwin\jdk8u231\13620\hotspot\src\share\vm\classfile\systemDictionary
Event: 8.583 Thread 0x00000000193ba000 Exception <a 'java/lang/ClassNotFoundException': org/gradle/api/internal/plugins/DefaultPluginCollectionCustomizer> (0x00000000f8bf9448) thrown at [C:\re\workspace\8-2-build-windows-amd64-cygwin\jdk8u231\13620\hotspot\src\share\vm\classfile\systemDictiona
Event: 8.584 Thread 0x00000000193ba000 Exception <a 'java/lang/ClassNotFoundException': org/gradle/api/internal/plugins/DefaultPluginContainerCustomizer> (0x00000000f8c43df0) thrown at [C:\re\workspace\8-2-build-windows-amd64-cygwin\jdk8u231\13620\hotspot\src\share\vm\classfile\systemDictionar
Event: 8.622 Thread 0x00000000193ba000 Implicit null exception at 0x00000000035274cc to 0x000000000352753d
Event: 8.634 Thread 0x00000000193ba000 Implicit null exception at 0x00000000036e926a to 0x00000000036e94dd

Events (10 events):
Event: 8.654 loading class org/apache/tools/ant/IntrospectionHelper$13 done
Event: 8.656 Executing VM operation: RevokeBias
Event: 8.656 Executing VM operation: RevokeBias done
Event: 8.656 Thread 0x000000001c586800 Thread exited: 0x000000001c586800
Event: 8.657 Executing VM operation: RevokeBias
Event: 8.657 Executing VM operation: RevokeBias done
Event: 8.657 Thread 0x000000001c57f800 Thread exited: 0x000000001c57f800
Event: 8.657 Executing VM operation: RevokeBias
Event: 8.657 Executing VM operation: RevokeBias done
Event: 8.657 Thread 0x000000001c582000 Thread exited: 0x000000001c582000


Dynamic libraries:
0x00007ff6dabd0000 - 0x00007ff6dac07000 	C:\Program Files\Java\jdk1.8.0_231\bin\java.exe
0x00007ffa679a0000 - 0x00007ffa67b90000 	C:\Windows\SYSTEM32\ntdll.dll
0x00007ffa66080000 - 0x00007ffa66132000 	C:\Windows\System32\KERNEL32.DLL
0x00007ffa64f70000 - 0x00007ffa65213000 	C:\Windows\System32\KERNELBASE.dll
0x00007ffa665c0000 - 0x00007ffa66663000 	C:\Windows\System32\ADVAPI32.dll
0x00007ffa66150000 - 0x00007ffa661ee000 	C:\Windows\System32\msvcrt.dll
0x00007ffa67450000 - 0x00007ffa674e7000 	C:\Windows\System32\sechost.dll
0x00007ffa66400000 - 0x00007ffa66520000 	C:\Windows\System32\RPCRT4.dll
0x00007ffa65b10000 - 0x00007ffa65ca4000 	C:\Windows\System32\USER32.dll
0x00007ffa64930000 - 0x00007ffa64951000 	C:\Windows\System32\win32u.dll
0x00007ffa65e30000 - 0x00007ffa65e56000 	C:\Windows\System32\GDI32.dll
0x00007ffa64c20000 - 0x00007ffa64db4000 	C:\Windows\System32\gdi32full.dll
0x00007ffa649b0000 - 0x00007ffa64a4e000 	C:\Windows\System32\msvcp_win.dll
0x00007ffa64ad0000 - 0x00007ffa64bca000 	C:\Windows\System32\ucrtbase.dll
0x00007ffa531f0000 - 0x00007ffa53475000 	C:\Windows\WinSxS\amd64_microsoft.windows.common-controls_6595b64144ccf1df_6.0.18362.535_none_e6c3b34713100821\COMCTL32.dll
0x00007ffa67620000 - 0x00007ffa67956000 	C:\Windows\System32\combase.dll
0x00007ffa64a50000 - 0x00007ffa64ad0000 	C:\Windows\System32\bcryptPrimitives.dll
0x00007ffa65ee0000 - 0x00007ffa65f0e000 	C:\Windows\System32\IMM32.DLL
0x000000006b150000 - 0x000000006b222000 	C:\Program Files\Java\jdk1.8.0_231\jre\bin\msvcr100.dll
0x00000000693b0000 - 0x0000000069c56000 	C:\Program Files\Java\jdk1.8.0_231\jre\bin\server\jvm.dll
0x00007ffa66590000 - 0x00007ffa66598000 	C:\Windows\System32\PSAPI.DLL
0x00007ffa5fbd0000 - 0x00007ffa5fbd9000 	C:\Windows\SYSTEM32\WSOCK32.dll
0x00007ffa5dd80000 - 0x00007ffa5dda4000 	C:\Windows\SYSTEM32\WINMM.dll
0x00007ffa5d170000 - 0x00007ffa5d17a000 	C:\Windows\SYSTEM32\VERSION.dll
0x00007ffa66520000 - 0x00007ffa6658f000 	C:\Windows\System32\WS2_32.dll
0x00007ffa5dd50000 - 0x00007ffa5dd7d000 	C:\Windows\SYSTEM32\WINMMBASE.dll
0x00007ffa64960000 - 0x00007ffa649aa000 	C:\Windows\System32\cfgmgr32.dll
0x00007ffa5d130000 - 0x00007ffa5d13f000 	C:\Program Files\Java\jdk1.8.0_231\jre\bin\verify.dll
0x00007ffa51050000 - 0x00007ffa51079000 	C:\Program Files\Java\jdk1.8.0_231\jre\bin\java.dll
0x00007ffa56ff0000 - 0x00007ffa57006000 	C:\Program Files\Java\jdk1.8.0_231\jre\bin\zip.dll
0x00007ffa66c90000 - 0x00007ffa67375000 	C:\Windows\System32\SHELL32.dll
0x00007ffa65d80000 - 0x00007ffa65e29000 	C:\Windows\System32\shcore.dll
0x00007ffa65220000 - 0x00007ffa6599f000 	C:\Windows\System32\windows.storage.dll
0x00007ffa64880000 - 0x00007ffa6489f000 	C:\Windows\System32\profapi.dll
0x00007ffa648e0000 - 0x00007ffa6492a000 	C:\Windows\System32\powrprof.dll
0x00007ffa64870000 - 0x00007ffa64880000 	C:\Windows\System32\UMPDC.dll
0x00007ffa65ab0000 - 0x00007ffa65b02000 	C:\Windows\System32\shlwapi.dll
0x00007ffa648c0000 - 0x00007ffa648d1000 	C:\Windows\System32\kernel.appcore.dll
0x00007ffa64bd0000 - 0x00007ffa64be7000 	C:\Windows\System32\cryptsp.dll
0x00007ffa50c70000 - 0x00007ffa50c8a000 	C:\Program Files\Java\jdk1.8.0_231\jre\bin\net.dll
0x00007ffa640e0000 - 0x00007ffa64147000 	C:\Windows\system32\mswsock.dll
0x00007ffa4f480000 - 0x00007ffa4f492000 	C:\Program Files\Java\jdk1.8.0_231\jre\bin\nio.dll
0x00007ffa1ba80000 - 0x00007ffa1baa6000 	C:\Users\a4_an\.gradle\native\29\windows-amd64\native-platform.dll
0x00007ffa514f0000 - 0x00007ffa514fd000 	C:\Program Files\Java\jdk1.8.0_231\jre\bin\management.dll
0x00007ffa63c50000 - 0x00007ffa63c83000 	C:\Windows\system32\rsaenh.dll
0x00007ffa64bf0000 - 0x00007ffa64c16000 	C:\Windows\System32\bcrypt.dll
0x00007ffa64790000 - 0x00007ffa647b5000 	C:\Windows\SYSTEM32\USERENV.dll
0x00007ffa642b0000 - 0x00007ffa642bc000 	C:\Windows\SYSTEM32\CRYPTBASE.dll
0x00007ffa63df0000 - 0x00007ffa63e2a000 	C:\Windows\SYSTEM32\IPHLPAPI.DLL
0x00007ffa66070000 - 0x00007ffa66078000 	C:\Windows\System32\NSI.dll
0x00007ffa5db50000 - 0x00007ffa5db66000 	C:\Windows\SYSTEM32\dhcpcsvc6.DLL
0x00007ffa5d930000 - 0x00007ffa5d94c000 	C:\Windows\SYSTEM32\dhcpcsvc.DLL
0x00007ffa63e30000 - 0x00007ffa63efa000 	C:\Windows\SYSTEM32\DNSAPI.dll

VM Arguments:
jvm_args: -XX:MaxMetaspaceSize=256m -XX:+HeapDumpOnOutOfMemoryError -Xms256m -Xmx512m -Dfile.encoding=windows-1252 -Duser.country=BR -Duser.language=pt -Duser.variant 
java_command: org.gradle.launcher.daemon.bootstrap.GradleDaemon 5.5
java_class_path (initial): C:\Users\a4_an\.gradle\wrapper\dists\gradle-5.5-all\byeise1led9a3w3p149d02kfj\gradle-5.5\lib\gradle-launcher-5.5.jar
Launcher Type: SUN_STANDARD

Environment Variables:
JAVA_HOME=C:\Program Files\Java\jdk1.8.0_231
CLASSPATH=C:\Users\a4_an\Videos\Gympoint\Frontend\Mobile\android\\gradle\wrapper\gradle-wrapper.jar
PATH=C:\Users\a4_an\Videos\Gympoint\Frontend\Mobile\node_modules\.bin;C:\Python27\;C:\Python27\Scripts;C:\Windows\system32;C:\Windows;C:\Windows\System32\Wbem;C:\Windows\System32\WindowsPowerShell\v1.0\;C:\Windows\System32\OpenSSH\;C:\Program Files (x86)\NVIDIA Corporation\PhysX\Common;C:\Program Files\NVIDIA Corporation\NVIDIA NvDLISR;D:\YARN\bin\;C:\ProgramData\chocolatey\bin;C:\Program Files\Java\jdk1.8.0_231\bin;D:\Git\cmd;C:\Program Files\nodejs\;C:\Users\a4_an\AppData\Local\Microsoft\WindowsApps;D:\Microsoft VS Code\bin;C:\Users\a4_an\AppData\Local\Yarn\bin;D:\Docker Toolbox;D:\SDKAndroid\platform-tools;D:\SDKAndroid\tools;C:\Users\a4_an\AppData\Local\GitHubDesktop\bin;C:\Users\a4_an\AppData\Roaming\npm
USERNAME=a4_an
OS=Windows_NT
PROCESSOR_IDENTIFIER=Intel64 Family 6 Model 158 Stepping 10, GenuineIntel



---------------  S Y S T E M  ---------------

OS: Windows 10.0 , 64 bit Build 18362 (10.0.18362.329)

CPU:total 12 (initial active 12) (6 cores per cpu, 2 threads per core) family 6 model 158 stepping 10, cmov, cx8, fxsr, mmx, sse, sse2, sse3, ssse3, sse4.1, sse4.2, popcnt, avx, avx2, aes, clmul, erms, 3dnowpref, lzcnt, ht, tsc, tscinvbit, bmi1, bmi2, adx

Memory: 4k page, physical 16585576k(2940616k free), swap 29703396k(6000k free)

vm_info: Java HotSpot(TM) 64-Bit Server VM (25.231-b11) for windows-amd64 JRE (1.8.0_231-b11), built on Oct  5 2019 03:11:30 by "java_re" with MS VC++ 10.0 (VS2010)

time: Sat Dec 21 10:02:06 2019
timezone: Hora oficial do Brasil
elapsed time: 8 seconds (0d 0h 0m 8s)

