#
# There is insufficient memory for the Java Runtime Environment to continue.
# Native memory allocation (malloc) failed to allocate 1038416 bytes for Chunk::new
# Possible reasons:
#   The system is out of physical RAM or swap space
#   The process is running with CompressedOops enabled, and the Java Heap may be blocking the growth of the native heap
# Possible solutions:
#   Reduce memory load on the system
#   Increase physical memory or swap space
#   Check if swap backing store is full
#   Decrease Java heap size (-Xmx/-Xms)
#   Decrease number of Java threads
#   Decrease Java thread stack sizes (-Xss)
#   Set larger code cache with -XX:ReservedCodeCacheSize=
#   JVM is running with Unscaled Compressed Oops mode in which the Java heap is
#     placed in the first 4GB address space. The Java Heap base address is the
#     maximum limit for the native heap growth. Please use -XX:HeapBaseMinAddress
#     to set the Java Heap base and to place the Java Heap above 4GB virtual address.
# This output file may be truncated or incomplete.
#
#  Out of Memory Error (allocation.cpp:389), pid=16076, tid=0x00000000000061a0
#
# JRE version: Java(TM) SE Runtime Environment (8.0_231-b11) (build 1.8.0_231-b11)
# Java VM: Java HotSpot(TM) 64-Bit Server VM (25.231-b11 mixed mode windows-amd64 compressed oops)
# Failed to write core dump. Minidumps are not enabled by default on client versions of Windows
#

---------------  T H R E A D  ---------------

Current thread (0x0000000016280800):  JavaThread "C2 CompilerThread0" daemon [_thread_in_native, id=24992, stack(0x00000000178f0000,0x00000000179f0000)]

Stack: [0x00000000178f0000,0x00000000179f0000]
[error occurred during error reporting (printing stack bounds), id 0xc0000005]

Native frames: (J=compiled Java code, j=interpreted, Vv=VM code, C=native code)


Current CompileTask:
C2:2014043 12634       4       com.sun.tools.javac.comp.Attr$ResultInfo::check (21 bytes)


---------------  P R O C E S S  ---------------

Java Threads: ( => current thread )
  0x000000002075f800 JavaThread "ForkJoinPool.commonPool-worker-9" daemon [_thread_blocked, id=19452, stack(0x00000000266a0000,0x00000000267a0000)]
  0x0000000020760000 JavaThread "Cache worker for Java compile cache (C:\Users\a4_an\Videos\Gympoint\Frontend\Mobile\android\.gradle\5.5\javaCompile)" [_thread_blocked, id=21192, stack(0x00000000261a0000,0x00000000262a0000)]
  0x0000000020761800 JavaThread "Cache worker for Java compile cache (C:\Users\a4_an\.gradle\caches\5.5\javaCompile)" [_thread_blocked, id=18496, stack(0x00000000260a0000,0x00000000261a0000)]
  0x000000002075d000 JavaThread "Cache worker for execution history cache (C:\Users\a4_an\Videos\Gympoint\Frontend\Mobile\android\.gradle\5.5\executionHistory)" [_thread_blocked, id=5196, stack(0x0000000025ba0000,0x0000000025ca0000)]
  0x000000002075c800 JavaThread "Execution worker for ':' Thread 11" [_thread_blocked, id=4076, stack(0x0000000025aa0000,0x0000000025ba0000)]
  0x0000000020758800 JavaThread "Execution worker for ':' Thread 10" [_thread_in_Java, id=22184, stack(0x00000000259a0000,0x0000000025aa0000)]
  0x0000000020757000 JavaThread "Execution worker for ':' Thread 9" [_thread_blocked, id=24520, stack(0x00000000258a0000,0x00000000259a0000)]
  0x000000002075e000 JavaThread "Execution worker for ':' Thread 8" [_thread_blocked, id=6680, stack(0x00000000257a0000,0x00000000258a0000)]
  0x000000002075b800 JavaThread "Execution worker for ':' Thread 7" [_thread_blocked, id=872, stack(0x00000000256a0000,0x00000000257a0000)]
  0x000000002075a000 JavaThread "Execution worker for ':' Thread 6" [_thread_blocked, id=4420, stack(0x00000000255a0000,0x00000000256a0000)]
  0x0000000020753800 JavaThread "Execution worker for ':' Thread 5" [_thread_blocked, id=21080, stack(0x00000000254a0000,0x00000000255a0000)]
  0x0000000020755000 JavaThread "Execution worker for ':' Thread 4" [_thread_blocked, id=26396, stack(0x00000000253a0000,0x00000000254a0000)]
  0x0000000020759800 JavaThread "Execution worker for ':' Thread 3" [_thread_blocked, id=16016, stack(0x00000000252a0000,0x00000000253a0000)]
  0x0000000020756800 JavaThread "Execution worker for ':' Thread 2" [_thread_blocked, id=11720, stack(0x00000000251a0000,0x00000000252a0000)]
  0x0000000020758000 JavaThread "Execution worker for ':'" [_thread_blocked, id=10220, stack(0x0000000024810000,0x0000000024910000)]
  0x0000000020755800 JavaThread "Cache worker for file content cache (C:\Users\a4_an\Videos\Gympoint\Frontend\Mobile\android\.gradle\5.5\fileContent)" [_thread_blocked, id=18252, stack(0x00000000236e0000,0x00000000237e0000)]
  0x0000000020754000 JavaThread "Cache worker for file content cache (C:\Users\a4_an\.gradle\caches\5.5\fileContent)" [_thread_blocked, id=23372, stack(0x0000000022ba0000,0x0000000022ca0000)]
  0x00000000185ce000 JavaThread "Memory manager" [_thread_blocked, id=27784, stack(0x0000000022670000,0x0000000022770000)]
  0x00000000185cd800 JavaThread "Cache worker for Build Output Cleanup Cache (C:\Users\a4_an\Videos\Gympoint\Frontend\Mobile\android\.gradle\buildOutputCleanup)" [_thread_blocked, id=11104, stack(0x0000000021f70000,0x0000000022070000)]
  0x00000000185c9800 JavaThread "Build operations Thread 12" [_thread_blocked, id=19752, stack(0x0000000021e70000,0x0000000021f70000)]
  0x00000000185ca800 JavaThread "Build operations Thread 11" [_thread_blocked, id=25656, stack(0x0000000021d70000,0x0000000021e70000)]
  0x00000000185c9000 JavaThread "Build operations Thread 10" [_thread_blocked, id=8608, stack(0x0000000021c70000,0x0000000021d70000)]
  0x00000000185c8000 JavaThread "Build operations Thread 9" [_thread_blocked, id=16936, stack(0x0000000021b70000,0x0000000021c70000)]
  0x00000000185cc000 JavaThread "Build operations Thread 8" [_thread_blocked, id=5004, stack(0x0000000021a70000,0x0000000021b70000)]
  0x00000000185cb000 JavaThread "Build operations Thread 7" [_thread_blocked, id=17540, stack(0x0000000021970000,0x0000000021a70000)]
  0x00000000185cc800 JavaThread "Build operations Thread 6" [_thread_blocked, id=14448, stack(0x0000000021870000,0x0000000021970000)]
  0x00000000185c0800 JavaThread "Build operations Thread 5" [_thread_blocked, id=3816, stack(0x0000000021770000,0x0000000021870000)]
  0x00000000185c6800 JavaThread "Build operations Thread 4" [_thread_blocked, id=16168, stack(0x0000000021670000,0x0000000021770000)]
  0x00000000185c7800 JavaThread "Build operations Thread 3" [_thread_blocked, id=29632, stack(0x0000000020510000,0x0000000020610000)]
  0x00000000185bf000 JavaThread "Build operations Thread 2" [_thread_blocked, id=7796, stack(0x0000000020410000,0x0000000020510000)]
  0x00000000185c0000 JavaThread "Build operations" [_thread_blocked, id=26616, stack(0x0000000020010000,0x0000000020110000)]
  0x00000000185c6000 JavaThread "Cache worker for execution history cache (C:\Users\a4_an\.gradle\caches\5.5\executionHistory)" [_thread_blocked, id=22300, stack(0x0000000020110000,0x0000000020210000)]
  0x00000000185c1800 JavaThread "Cache worker for cache directory md-rule (C:\Users\a4_an\.gradle\caches\5.5\md-rule)" [_thread_blocked, id=7112, stack(0x000000001fd10000,0x000000001fe10000)]
  0x00000000185c3800 JavaThread "Cache worker for cache directory md-supplier (C:\Users\a4_an\.gradle\caches\5.5\md-supplier)" [_thread_blocked, id=26244, stack(0x000000001e0d0000,0x000000001e1d0000)]
  0x00000000185c3000 JavaThread "Cache worker for file hash cache (C:\Users\a4_an\Videos\Gympoint\Frontend\Mobile\android\.gradle\5.5\fileHashes)" [_thread_blocked, id=13068, stack(0x000000001a760000,0x000000001a860000)]
  0x00000000185c4800 JavaThread "Thread-46" [_thread_blocked, id=14248, stack(0x000000001a660000,0x000000001a760000)]
  0x00000000185c2000 JavaThread "Stdin handler" [_thread_blocked, id=22624, stack(0x000000001a460000,0x000000001a560000)]
  0x000000001967d000 JavaThread "Asynchronous log dispatcher for DefaultDaemonConnection: socket connection from /127.0.0.1:53645 to /127.0.0.1:54295" [_thread_blocked, id=15116, stack(0x000000001a160000,0x000000001a260000)]
  0x000000001967b000 JavaThread "Cancel handler" [_thread_blocked, id=21992, stack(0x0000000001450000,0x0000000001550000)]
  0x0000000019679800 JavaThread "Handler for socket connection from /127.0.0.1:53645 to /127.0.0.1:54295" [_thread_in_native, id=12312, stack(0x0000000001350000,0x0000000001450000)]
  0x000000001967a000 JavaThread "Daemon worker Thread 3" [_thread_blocked, id=11440, stack(0x000000001a060000,0x000000001a160000)]
  0x000000001967b800 JavaThread "Daemon Thread 3" [_thread_blocked, id=18160, stack(0x0000000001250000,0x0000000001350000)]
  0x000000001967c800 JavaThread "Cache worker for journal cache (C:\Users\a4_an\.gradle\caches\journal-1)" [_thread_blocked, id=10428, stack(0x000000001bc30000,0x000000001bd30000)]
  0x0000000019676800 JavaThread "File lock request listener" [_thread_in_native, id=13892, stack(0x000000001bb30000,0x000000001bc30000)]
  0x0000000019677000 JavaThread "Cache worker for file hash cache (C:\Users\a4_an\.gradle\caches\5.5\fileHashes)" [_thread_blocked, id=29604, stack(0x000000001ba30000,0x000000001bb30000)]
  0x000000001920f000 JavaThread "Daemon periodic checks" [_thread_blocked, id=11132, stack(0x0000000019f60000,0x000000001a060000)]
  0x00000000193fc800 JavaThread "Incoming local TCP Connector on port 53645" [_thread_in_native, id=29444, stack(0x0000000019d00000,0x0000000019e00000)]
  0x000000001953e000 JavaThread "Daemon health stats" [_thread_blocked, id=8544, stack(0x00000000196c0000,0x00000000197c0000)]
  0x0000000016310000 JavaThread "Service Thread" daemon [_thread_blocked, id=24056, stack(0x0000000017cf0000,0x0000000017df0000)]
  0x0000000016294800 JavaThread "C1 CompilerThread3" daemon [_thread_in_native, id=28420, stack(0x0000000017bf0000,0x0000000017cf0000)]
  0x0000000016293000 JavaThread "C2 CompilerThread2" daemon [_thread_in_native, id=2532, stack(0x0000000017af0000,0x0000000017bf0000)]
  0x0000000016285000 JavaThread "C2 CompilerThread1" daemon [_thread_in_native, id=9500, stack(0x00000000179f0000,0x0000000017af0000)]
=>0x0000000016280800 JavaThread "C2 CompilerThread0" daemon [_thread_in_native, id=24992, stack(0x00000000178f0000,0x00000000179f0000)]
  0x000000001627e000 JavaThread "Attach Listener" daemon [_thread_blocked, id=1468, stack(0x00000000177f0000,0x00000000178f0000)]
  0x0000000016290000 JavaThread "Signal Dispatcher" daemon [_thread_blocked, id=11088, stack(0x00000000176f0000,0x00000000177f0000)]
  0x000000000312b800 JavaThread "Finalizer" daemon [_thread_blocked, id=27036, stack(0x00000000174e0000,0x00000000175e0000)]
  0x0000000016273000 JavaThread "Reference Handler" daemon [_thread_blocked, id=29104, stack(0x00000000173e0000,0x00000000174e0000)]
  0x0000000002f0e800 JavaThread "main" [_thread_blocked, id=7144, stack(0x0000000002f10000,0x0000000003010000)]

Other Threads:
  0x0000000014b95000 VMThread [stack: 0x00000000172e0000,0x00000000173e0000] [id=27940]
  0x000000001633a800 WatcherThread [stack: 0x0000000017df0000,0x0000000017ef0000] [id=12308]

VM state:not at safepoint (normal execution)

VM Mutex/Monitor currently owned by a thread: None

heap address: 0x00000000e0000000, size: 512 MB, Compressed Oops mode: 32-bit
Narrow klass base: 0x0000000000000000, Narrow klass shift: 3
Compressed class space size: 1073741824 Address: 0x0000000100000000

Heap:
 PSYoungGen      total 142336K, used 79183K [0x00000000f5580000, 0x0000000100000000, 0x0000000100000000)
  eden space 110080K, 61% used [0x00000000f5580000,0x00000000f97925a0,0x00000000fc100000)
  from space 32256K, 35% used [0x00000000fc100000,0x00000000fcc41a48,0x00000000fe080000)
  to   space 31232K, 0% used [0x00000000fe180000,0x00000000fe180000,0x0000000100000000)
 ParOldGen       total 175104K, used 67671K [0x00000000e0000000, 0x00000000eab00000, 0x00000000f5580000)
  object space 175104K, 38% used [0x00000000e0000000,0x00000000e4215c10,0x00000000eab00000)
 Metaspace       used 76942K, capacity 80498K, committed 80640K, reserved 1118208K
  class space    used 10395K, capacity 11221K, committed 11264K, reserved 1048576K

Card table byte_map: [0x00000000124f0000,0x0000000012600000] byte_map_base: 0x0000000011df0000

Marking Bits: (ParMarkBitMap*) 0x0000000069bd6d90
 Begin Bits: [0x00000000130b0000, 0x00000000138b0000)
 End Bits:   [0x00000000138b0000, 0x00000000140b0000)

Polling page: 0x0000000000df0000

CodeCache: size=245760Kb used=36467Kb max_used=36467Kb free=209292Kb
 bounds [0x0000000003130000, 0x00000000054f0000, 0x0000000012130000]
 total_blobs=12068 nmethods=11211 adapters=768
 compilation: enabled

Compilation events (10 events):
Event: 2014.035 Thread 0x0000000016294800 nmethod 12879 0x00000000054de3d0 code [0x00000000054de520, 0x00000000054de6f0]
Event: 2014.035 Thread 0x0000000016294800 12872       3       com.sun.tools.javac.jvm.Gen::visitBlock (77 bytes)
Event: 2014.036 Thread 0x0000000016294800 nmethod 12872 0x00000000054de790 code [0x00000000054de9c0, 0x00000000054df6c8]
Event: 2014.036 Thread 0x0000000016294800 12884       3       com.sun.tools.javac.code.Lint$AugmentVisitor::visitCompound (81 bytes)
Event: 2014.037 Thread 0x0000000016294800 nmethod 12884 0x00000000054dfd50 code [0x00000000054dff80, 0x00000000054e0cc8]
Event: 2014.038 Thread 0x0000000016294800 12885       3       com.sun.tools.javac.code.Symbol::outermostClass (27 bytes)
Event: 2014.038 Thread 0x0000000016294800 nmethod 12885 0x00000000054e1210 code [0x00000000054e1380, 0x00000000054e1670]
Event: 2014.038 Thread 0x0000000016294800 12886       3       com.sun.tools.javac.comp.TransTypes::translateArgs (152 bytes)
Event: 2014.040 Thread 0x0000000016294800 nmethod 12886 0x00000000054e1790 code [0x00000000054e1a20, 0x00000000054e3368]
Event: 2014.040 Thread 0x0000000016294800 12887       3       com.sun.tools.javac.comp.Lower::boxArgs (306 bytes)

GC Heap History (10 events):
Event: 2005.710 GC heap before
{Heap before GC invocations=14 (full 3):
 PSYoungGen      total 152576K, used 14463K [0x00000000f5580000, 0x0000000100000000, 0x0000000100000000)
  eden space 137728K, 0% used [0x00000000f5580000,0x00000000f5580000,0x00000000fdc00000)
  from space 14848K, 97% used [0x00000000fdc00000,0x00000000fea1fd30,0x00000000fea80000)
  to   space 18944K, 0% used [0x00000000fed80000,0x00000000fed80000,0x0000000100000000)
 ParOldGen       total 175104K, used 24468K [0x00000000e0000000, 0x00000000eab00000, 0x00000000f5580000)
  object space 175104K, 13% used [0x00000000e0000000,0x00000000e17e53c0,0x00000000eab00000)
 Metaspace       used 57304K, capacity 58980K, committed 59028K, reserved 1099776K
  class space    used 7765K, capacity 8164K, committed 8192K, reserved 1048576K
Event: 2005.864 GC heap after
Heap after GC invocations=14 (full 3):
 PSYoungGen      total 152576K, used 0K [0x00000000f5580000, 0x0000000100000000, 0x0000000100000000)
  eden space 137728K, 0% used [0x00000000f5580000,0x00000000f5580000,0x00000000fdc00000)
  from space 14848K, 0% used [0x00000000fdc00000,0x00000000fdc00000,0x00000000fea80000)
  to   space 18944K, 0% used [0x00000000fed80000,0x00000000fed80000,0x0000000100000000)
 ParOldGen       total 175104K, used 25517K [0x00000000e0000000, 0x00000000eab00000, 0x00000000f5580000)
  object space 175104K, 14% used [0x00000000e0000000,0x00000000e18eb548,0x00000000eab00000)
 Metaspace       used 57262K, capacity 58842K, committed 59028K, reserved 1099776K
  class space    used 7752K, capacity 8141K, committed 8192K, reserved 1048576K
}
Event: 2009.631 GC heap before
{Heap before GC invocations=15 (full 3):
 PSYoungGen      total 152576K, used 137728K [0x00000000f5580000, 0x0000000100000000, 0x0000000100000000)
  eden space 137728K, 100% used [0x00000000f5580000,0x00000000fdc00000,0x00000000fdc00000)
  from space 14848K, 0% used [0x00000000fdc00000,0x00000000fdc00000,0x00000000fea80000)
  to   space 18944K, 0% used [0x00000000fed80000,0x00000000fed80000,0x0000000100000000)
 ParOldGen       total 175104K, used 25517K [0x00000000e0000000, 0x00000000eab00000, 0x00000000f5580000)
  object space 175104K, 14% used [0x00000000e0000000,0x00000000e18eb548,0x00000000eab00000)
 Metaspace       used 62229K, capacity 64524K, committed 64768K, reserved 1105920K
  class space    used 8568K, capacity 9197K, committed 9216K, reserved 1048576K
Event: 2009.639 GC heap after
Heap after GC invocations=15 (full 3):
 PSYoungGen      total 152576K, used 16204K [0x00000000f5580000, 0x0000000100000000, 0x0000000100000000)
  eden space 133632K, 0% used [0x00000000f5580000,0x00000000f5580000,0x00000000fd800000)
  from space 18944K, 85% used [0x00000000fed80000,0x00000000ffd53130,0x0000000100000000)
  to   space 20480K, 0% used [0x00000000fd800000,0x00000000fd800000,0x00000000fec00000)
 ParOldGen       total 175104K, used 25525K [0x00000000e0000000, 0x00000000eab00000, 0x00000000f5580000)
  object space 175104K, 14% used [0x00000000e0000000,0x00000000e18ed548,0x00000000eab00000)
 Metaspace       used 62229K, capacity 64524K, committed 64768K, reserved 1105920K
  class space    used 8568K, capacity 9197K, committed 9216K, reserved 1048576K
}
Event: 2010.870 GC heap before
{Heap before GC invocations=16 (full 3):
 PSYoungGen      total 152576K, used 149836K [0x00000000f5580000, 0x0000000100000000, 0x0000000100000000)
  eden space 133632K, 100% used [0x00000000f5580000,0x00000000fd800000,0x00000000fd800000)
  from space 18944K, 85% used [0x00000000fed80000,0x00000000ffd53130,0x0000000100000000)
  to   space 20480K, 0% used [0x00000000fd800000,0x00000000fd800000,0x00000000fec00000)
 ParOldGen       total 175104K, used 25525K [0x00000000e0000000, 0x00000000eab00000, 0x00000000f5580000)
  object space 175104K, 14% used [0x00000000e0000000,0x00000000e18ed548,0x00000000eab00000)
 Metaspace       used 66036K, capacity 68768K, committed 68992K, reserved 1107968K
  class space    used 9056K, capacity 9758K, committed 9856K, reserved 1048576K
Event: 2010.883 GC heap after
Heap after GC invocations=16 (full 3):
 PSYoungGen      total 154112K, used 20472K [0x00000000f5580000, 0x0000000100000000, 0x0000000100000000)
  eden space 133632K, 0% used [0x00000000f5580000,0x00000000f5580000,0x00000000fd800000)
  from space 20480K, 99% used [0x00000000fd800000,0x00000000febfe0e8,0x00000000fec00000)
  to   space 20480K, 0% used [0x00000000fec00000,0x00000000fec00000,0x0000000100000000)
 ParOldGen       total 175104K, used 32621K [0x00000000e0000000, 0x00000000eab00000, 0x00000000f5580000)
  object space 175104K, 18% used [0x00000000e0000000,0x00000000e1fdb5b0,0x00000000eab00000)
 Metaspace       used 66036K, capacity 68768K, committed 68992K, reserved 1107968K
  class space    used 9056K, capacity 9758K, committed 9856K, reserved 1048576K
}
Event: 2011.907 GC heap before
{Heap before GC invocations=17 (full 3):
 PSYoungGen      total 154112K, used 154104K [0x00000000f5580000, 0x0000000100000000, 0x0000000100000000)
  eden space 133632K, 100% used [0x00000000f5580000,0x00000000fd800000,0x00000000fd800000)
  from space 20480K, 99% used [0x00000000fd800000,0x00000000febfe0e8,0x00000000fec00000)
  to   space 20480K, 0% used [0x00000000fec00000,0x00000000fec00000,0x0000000100000000)
 ParOldGen       total 175104K, used 32621K [0x00000000e0000000, 0x00000000eab00000, 0x00000000f5580000)
  object space 175104K, 18% used [0x00000000e0000000,0x00000000e1fdb5b0,0x00000000eab00000)
 Metaspace       used 69739K, capacity 73246K, committed 73472K, reserved 1112064K
  class space    used 9603K, capacity 10433K, committed 10496K, reserved 1048576K
Event: 2011.920 GC heap after
Heap after GC invocations=17 (full 3):
 PSYoungGen      total 130560K, used 20464K [0x00000000f5580000, 0x0000000100000000, 0x0000000100000000)
  eden space 110080K, 0% used [0x00000000f5580000,0x00000000f5580000,0x00000000fc100000)
  from space 20480K, 99% used [0x00000000fec00000,0x00000000ffffc050,0x0000000100000000)
  to   space 32256K, 0% used [0x00000000fc100000,0x00000000fc100000,0x00000000fe080000)
 ParOldGen       total 175104K, used 47574K [0x00000000e0000000, 0x00000000eab00000, 0x00000000f5580000)
  object space 175104K, 27% used [0x00000000e0000000,0x00000000e2e75ad8,0x00000000eab00000)
 Metaspace       used 69739K, capacity 73246K, committed 73472K, reserved 1112064K
  class space    used 9603K, capacity 10433K, committed 10496K, reserved 1048576K
}
Event: 2013.303 GC heap before
{Heap before GC invocations=18 (full 3):
 PSYoungGen      total 130560K, used 130544K [0x00000000f5580000, 0x0000000100000000, 0x0000000100000000)
  eden space 110080K, 100% used [0x00000000f5580000,0x00000000fc100000,0x00000000fc100000)
  from space 20480K, 99% used [0x00000000fec00000,0x00000000ffffc050,0x0000000100000000)
  to   space 32256K, 0% used [0x00000000fc100000,0x00000000fc100000,0x00000000fe080000)
 ParOldGen       total 175104K, used 47574K [0x00000000e0000000, 0x00000000eab00000, 0x00000000f5580000)
  object space 175104K, 27% used [0x00000000e0000000,0x00000000e2e75ad8,0x00000000eab00000)
 Metaspace       used 76415K, capacity 79974K, committed 80128K, reserved 1118208K
  class space    used 10390K, capacity 11219K, committed 11264K, reserved 1048576K
Event: 2013.322 GC heap after
Heap after GC invocations=18 (full 3):
 PSYoungGen      total 142336K, used 11526K [0x00000000f5580000, 0x0000000100000000, 0x0000000100000000)
  eden space 110080K, 0% used [0x00000000f5580000,0x00000000f5580000,0x00000000fc100000)
  from space 32256K, 35% used [0x00000000fc100000,0x00000000fcc41a48,0x00000000fe080000)
  to   space 31232K, 0% used [0x00000000fe180000,0x00000000fe180000,0x0000000100000000)
 ParOldGen       total 175104K, used 67671K [0x00000000e0000000, 0x00000000eab00000, 0x00000000f5580000)
  object space 175104K, 38% used [0x00000000e0000000,0x00000000e4215c10,0x00000000eab00000)
 Metaspace       used 76415K, capacity 79974K, committed 80128K, reserved 1118208K
  class space    used 10390K, capacity 11219K, committed 11264K, reserved 1048576K
}

Deoptimization events (10 events):
Event: 2013.636 Thread 0x0000000020758800 Uncommon trap: reason=array_check action=maybe_recompile pc=0x00000000035621b8 method=java.util.ComparableTimSort.binarySort([Ljava/lang/Object;III)V @ 183
Event: 2013.636 Thread 0x0000000020758800 Uncommon trap: reason=array_check action=maybe_recompile pc=0x000000000356206c method=java.util.ComparableTimSort.binarySort([Ljava/lang/Object;III)V @ 215
Event: 2013.636 Thread 0x0000000020758800 Uncommon trap: reason=array_check action=maybe_recompile pc=0x00000000035621b8 method=java.util.ComparableTimSort.binarySort([Ljava/lang/Object;III)V @ 183
Event: 2013.636 Thread 0x0000000020758800 Uncommon trap: reason=array_check action=maybe_recompile pc=0x0000000004f111c4 method=java.util.ComparableTimSort.binarySort([Ljava/lang/Object;III)V @ 215
Event: 2013.672 Thread 0x0000000020758800 Uncommon trap: reason=predicate action=maybe_recompile pc=0x00000000053e0ac4 method=java.util.ComparableTimSort.reverseRange([Ljava/lang/Object;II)V @ 8
Event: 2013.702 Thread 0x0000000020758800 Uncommon trap: reason=unstable_if action=reinterpret pc=0x00000000050c01d4 method=com.sun.tools.javac.code.Types$18.visitClassType(Lcom/sun/tools/javac/code/Type$ClassType;Ljava/lang/Void;)Lcom/sun/tools/javac/code/Type; @ 43
Event: 2013.702 Thread 0x0000000020758800 Uncommon trap: reason=unstable_if action=reinterpret pc=0x00000000050cc128 method=com.sun.tools.javac.code.Types$19.visitClassType(Lcom/sun/tools/javac/code/Type$ClassType;Ljava/lang/Void;)Lcom/sun/tools/javac/util/List; @ 22
Event: 2013.935 Thread 0x0000000020758800 Uncommon trap: reason=unstable_if action=reinterpret pc=0x0000000003c336f8 method=com.sun.tools.javac.code.Types$19.visitClassType(Lcom/sun/tools/javac/code/Type$ClassType;Ljava/lang/Void;)Lcom/sun/tools/javac/util/List; @ 67
Event: 2013.935 Thread 0x0000000020758800 Uncommon trap: reason=unstable_if action=reinterpret pc=0x000000000459b844 method=com.sun.tools.javac.code.Types$18.visitClassType(Lcom/sun/tools/javac/code/Type$ClassType;Ljava/lang/Void;)Lcom/sun/tools/javac/code/Type; @ 75
Event: 2014.030 Thread 0x0000000020758800 Uncommon trap: reason=speculate_class_check action=maybe_recompile pc=0x00000000034d98d4 method=com.sun.tools.javac.code.Type.hasTag(Lcom/sun/tools/javac/code/TypeTag;)Z @ 2

Classes redefined (0 events):
No events

Internal exceptions (10 events):
Event: 2013.077 Thread 0x0000000020758000 Exception <a 'java/security/PrivilegedActionException'> (0x00000000fb405700) thrown at [C:\re\workspace\8-2-build-windows-amd64-cygwin\jdk8u231\13620\hotspot\src\share\vm\prims\jvm.cpp, line 1502]
Event: 2013.077 Thread 0x0000000020758000 Exception <a 'java/security/PrivilegedActionException'> (0x00000000fb4060b0) thrown at [C:\re\workspace\8-2-build-windows-amd64-cygwin\jdk8u231\13620\hotspot\src\share\vm\prims\jvm.cpp, line 1502]
Event: 2013.078 Thread 0x0000000020758000 Exception <a 'java/lang/ClassNotFoundException': groovy/util/FileTreeBuilderCustomizer> (0x00000000fb411650) thrown at [C:\re\workspace\8-2-build-windows-amd64-cygwin\jdk8u231\13620\hotspot\src\share\vm\classfile\systemDictionary.cpp, line 210]
Event: 2013.082 Thread 0x0000000020758000 Exception <a 'java/lang/ClassNotFoundException': java/io/BufferedWriterBeanInfo> (0x00000000fb45e7f8) thrown at [C:\re\workspace\8-2-build-windows-amd64-cygwin\jdk8u231\13620\hotspot\src\share\vm\classfile\systemDictionary.cpp, line 210]
Event: 2013.082 Thread 0x0000000020758000 Exception <a 'java/lang/ClassNotFoundException': java/io/WriterBeanInfo> (0x00000000fb463328) thrown at [C:\re\workspace\8-2-build-windows-amd64-cygwin\jdk8u231\13620\hotspot\src\share\vm\classfile\systemDictionary.cpp, line 210]
Event: 2013.082 Thread 0x0000000020758000 Exception <a 'java/lang/ClassNotFoundException': java/io/WriterCustomizer> (0x00000000fb467f08) thrown at [C:\re\workspace\8-2-build-windows-amd64-cygwin\jdk8u231\13620\hotspot\src\share\vm\classfile\systemDictionary.cpp, line 210]
Event: 2013.083 Thread 0x0000000020758000 Exception <a 'java/lang/ClassNotFoundException': java/io/BufferedWriterCustomizer> (0x00000000fb474880) thrown at [C:\re\workspace\8-2-build-windows-amd64-cygwin\jdk8u231\13620\hotspot\src\share\vm\classfile\systemDictionary.cpp, line 210]
Event: 2013.421 Thread 0x0000000020758800 Exception <a 'sun/nio/fs/WindowsException'> (0x00000000f6283fe0) thrown at [C:\re\workspace\8-2-build-windows-amd64-cygwin\jdk8u231\13620\hotspot\src\share\vm\prims\jni.cpp, line 710]
Event: 2013.434 Thread 0x0000000020758800 Exception <a 'sun/nio/fs/WindowsException'> (0x00000000f65374e8) thrown at [C:\re\workspace\8-2-build-windows-amd64-cygwin\jdk8u231\13620\hotspot\src\share\vm\prims\jni.cpp, line 710]
Event: 2013.495 Thread 0x0000000020758800 Exception <a 'sun/nio/fs/WindowsException'> (0x00000000f6af1908) thrown at [C:\re\workspace\8-2-build-windows-amd64-cygwin\jdk8u231\13620\hotspot\src\share\vm\prims\jni.cpp, line 710]

Events (10 events):
Event: 2013.935 Thread 0x0000000020758800 Uncommon trap: trap_request=0xffffff65 fr.pc=0x000000000459b844
Event: 2013.935 Thread 0x0000000020758800 DEOPT PACKING pc=0x000000000459b844 sp=0x0000000025a9a140
Event: 2013.935 Thread 0x0000000020758800 DEOPT UNPACKING pc=0x000000000317583b sp=0x0000000025a9a0e8 mode 2
Event: 2013.936 Executing VM operation: ForceSafepoint
Event: 2013.936 Executing VM operation: ForceSafepoint done
Event: 2013.936 loading class com/sun/tools/javac/comp/Check$9
Event: 2013.936 loading class com/sun/tools/javac/comp/Check$9 done
Event: 2014.030 Thread 0x0000000020758800 Uncommon trap: trap_request=0xffffff76 fr.pc=0x00000000034d98d4
Event: 2014.030 Thread 0x0000000020758800 DEOPT PACKING pc=0x00000000034d98d4 sp=0x0000000025a999d0
Event: 2014.030 Thread 0x0000000020758800 DEOPT UNPACKING pc=0x000000000317583b sp=0x0000000025a99910 mode 2


Dynamic libraries:
0x00007ff6dabd0000 - 0x00007ff6dac07000 	C:\Program Files\Java\jdk1.8.0_231\bin\java.exe
0x00007ffa679a0000 - 0x00007ffa67b90000 	C:\Windows\SYSTEM32\ntdll.dll
0x00007ffa66080000 - 0x00007ffa66132000 	C:\Windows\System32\KERNEL32.DLL
0x00007ffa64f70000 - 0x00007ffa65213000 	C:\Windows\System32\KERNELBASE.dll
0x00007ffa665c0000 - 0x00007ffa66663000 	C:\Windows\System32\ADVAPI32.dll
0x00007ffa66150000 - 0x00007ffa661ee000 	C:\Windows\System32\msvcrt.dll
0x00007ffa67450000 - 0x00007ffa674e7000 	C:\Windows\System32\sechost.dll
0x00007ffa66400000 - 0x00007ffa66520000 	C:\Windows\System32\RPCRT4.dll
0x00007ffa65b10000 - 0x00007ffa65ca4000 	C:\Windows\System32\USER32.dll
0x00007ffa64930000 - 0x00007ffa64951000 	C:\Windows\System32\win32u.dll
0x00007ffa65e30000 - 0x00007ffa65e56000 	C:\Windows\System32\GDI32.dll
0x00007ffa64c20000 - 0x00007ffa64db4000 	C:\Windows\System32\gdi32full.dll
0x00007ffa649b0000 - 0x00007ffa64a4e000 	C:\Windows\System32\msvcp_win.dll
0x00007ffa64ad0000 - 0x00007ffa64bca000 	C:\Windows\System32\ucrtbase.dll
0x00007ffa531f0000 - 0x00007ffa53475000 	C:\Windows\WinSxS\amd64_microsoft.windows.common-controls_6595b64144ccf1df_6.0.18362.535_none_e6c3b34713100821\COMCTL32.dll
0x00007ffa67620000 - 0x00007ffa67956000 	C:\Windows\System32\combase.dll
0x00007ffa64a50000 - 0x00007ffa64ad0000 	C:\Windows\System32\bcryptPrimitives.dll
0x00007ffa65ee0000 - 0x00007ffa65f0e000 	C:\Windows\System32\IMM32.DLL
0x000000006b150000 - 0x000000006b222000 	C:\Program Files\Java\jdk1.8.0_231\jre\bin\msvcr100.dll
0x00000000693b0000 - 0x0000000069c56000 	C:\Program Files\Java\jdk1.8.0_231\jre\bin\server\jvm.dll
0x00007ffa66590000 - 0x00007ffa66598000 	C:\Windows\System32\PSAPI.DLL
0x00007ffa5fbd0000 - 0x00007ffa5fbd9000 	C:\Windows\SYSTEM32\WSOCK32.dll
0x00007ffa5d170000 - 0x00007ffa5d17a000 	C:\Windows\SYSTEM32\VERSION.dll
0x00007ffa66520000 - 0x00007ffa6658f000 	C:\Windows\System32\WS2_32.dll
0x00007ffa5dd80000 - 0x00007ffa5dda4000 	C:\Windows\SYSTEM32\WINMM.dll
0x00007ffa5dd50000 - 0x00007ffa5dd7d000 	C:\Windows\SYSTEM32\winmmbase.dll
0x00007ffa64960000 - 0x00007ffa649aa000 	C:\Windows\System32\cfgmgr32.dll
0x00007ffa576f0000 - 0x00007ffa576ff000 	C:\Program Files\Java\jdk1.8.0_231\jre\bin\verify.dll
0x00007ffa4a7c0000 - 0x00007ffa4a7e9000 	C:\Program Files\Java\jdk1.8.0_231\jre\bin\java.dll
0x00007ffa44ca0000 - 0x00007ffa44cb6000 	C:\Program Files\Java\jdk1.8.0_231\jre\bin\zip.dll
0x00007ffa66c90000 - 0x00007ffa67375000 	C:\Windows\System32\SHELL32.dll
0x00007ffa65d80000 - 0x00007ffa65e29000 	C:\Windows\System32\shcore.dll
0x00007ffa65220000 - 0x00007ffa6599f000 	C:\Windows\System32\windows.storage.dll
0x00007ffa64880000 - 0x00007ffa6489f000 	C:\Windows\System32\profapi.dll
0x00007ffa648e0000 - 0x00007ffa6492a000 	C:\Windows\System32\powrprof.dll
0x00007ffa64870000 - 0x00007ffa64880000 	C:\Windows\System32\UMPDC.dll
0x00007ffa65ab0000 - 0x00007ffa65b02000 	C:\Windows\System32\shlwapi.dll
0x00007ffa648c0000 - 0x00007ffa648d1000 	C:\Windows\System32\kernel.appcore.dll
0x00007ffa64bd0000 - 0x00007ffa64be7000 	C:\Windows\System32\cryptsp.dll
0x00007ffa44c80000 - 0x00007ffa44c9a000 	C:\Program Files\Java\jdk1.8.0_231\jre\bin\net.dll
0x00007ffa640e0000 - 0x00007ffa64147000 	C:\Windows\system32\mswsock.dll
0x00007ffa44c60000 - 0x00007ffa44c72000 	C:\Program Files\Java\jdk1.8.0_231\jre\bin\nio.dll
0x00007ffa1ba80000 - 0x00007ffa1baa6000 	C:\Users\a4_an\.gradle\native\29\windows-amd64\native-platform.dll
0x00007ffa57000000 - 0x00007ffa5700d000 	C:\Program Files\Java\jdk1.8.0_231\jre\bin\management.dll
0x00007ffa63c50000 - 0x00007ffa63c83000 	C:\Windows\system32\rsaenh.dll
0x00007ffa64bf0000 - 0x00007ffa64c16000 	C:\Windows\System32\bcrypt.dll
0x00007ffa64790000 - 0x00007ffa647b5000 	C:\Windows\SYSTEM32\USERENV.dll
0x00007ffa642b0000 - 0x00007ffa642bc000 	C:\Windows\SYSTEM32\CRYPTBASE.dll
0x00007ffa63df0000 - 0x00007ffa63e2a000 	C:\Windows\SYSTEM32\IPHLPAPI.DLL
0x00007ffa66070000 - 0x00007ffa66078000 	C:\Windows\System32\NSI.dll
0x00007ffa5db50000 - 0x00007ffa5db66000 	C:\Windows\SYSTEM32\dhcpcsvc6.DLL
0x00007ffa5d930000 - 0x00007ffa5d94c000 	C:\Windows\SYSTEM32\dhcpcsvc.DLL
0x00007ffa63e30000 - 0x00007ffa63efa000 	C:\Windows\SYSTEM32\DNSAPI.dll

VM Arguments:
jvm_args: -XX:MaxMetaspaceSize=256m -XX:+HeapDumpOnOutOfMemoryError -Xms256m -Xmx512m -Dfile.encoding=windows-1252 -Duser.country=BR -Duser.language=pt -Duser.variant 
java_command: org.gradle.launcher.daemon.bootstrap.GradleDaemon 5.5
java_class_path (initial): C:\Users\a4_an\.gradle\wrapper\dists\gradle-5.5-all\byeise1led9a3w3p149d02kfj\gradle-5.5\lib\gradle-launcher-5.5.jar
Launcher Type: SUN_STANDARD

Environment Variables:
JAVA_HOME=C:\Program Files\Java\jdk1.8.0_231
CLASSPATH=C:\Users\a4_an\Videos\Gympoint\Frontend\Mobile\android\\gradle\wrapper\gradle-wrapper.jar
PATH=C:\Users\a4_an\Videos\Gympoint\Frontend\Mobile\node_modules\.bin;C:\Python27\;C:\Python27\Scripts;C:\Windows\system32;C:\Windows;C:\Windows\System32\Wbem;C:\Windows\System32\WindowsPowerShell\v1.0\;C:\Windows\System32\OpenSSH\;C:\Program Files (x86)\NVIDIA Corporation\PhysX\Common;C:\Program Files\NVIDIA Corporation\NVIDIA NvDLISR;D:\YARN\bin\;C:\ProgramData\chocolatey\bin;C:\Program Files\Java\jdk1.8.0_231\bin;D:\Git\cmd;C:\Program Files\nodejs\;C:\Users\a4_an\AppData\Local\Microsoft\WindowsApps;D:\Microsoft VS Code\bin;C:\Users\a4_an\AppData\Local\Yarn\bin;D:\Docker Toolbox;D:\SDKAndroid\platform-tools;D:\SDKAndroid\tools;C:\Users\a4_an\AppData\Local\GitHubDesktop\bin;C:\Users\a4_an\AppData\Roaming\npm
USERNAME=a4_an
OS=Windows_NT
PROCESSOR_IDENTIFIER=Intel64 Family 6 Model 158 Stepping 10, GenuineIntel



---------------  S Y S T E M  ---------------

OS: Windows 10.0 , 64 bit Build 18362 (10.0.18362.329)

CPU:total 12 (initial active 12) (6 cores per cpu, 2 threads per core) family 6 model 158 stepping 10, cmov, cx8, fxsr, mmx, sse, sse2, sse3, ssse3, sse4.1, sse4.2, popcnt, avx, avx2, aes, clmul, erms, 3dnowpref, lzcnt, ht, tsc, tscinvbit, bmi1, bmi2, adx

Memory: 4k page, physical 16585576k(2919176k free), swap 29703396k(4328k free)

vm_info: Java HotSpot(TM) 64-Bit Server VM (25.231-b11) for windows-amd64 JRE (1.8.0_231-b11), built on Oct  5 2019 03:11:30 by "java_re" with MS VC++ 10.0 (VS2010)

time: Sat Dec 21 09:58:09 2019
timezone: Hora oficial do Brasil
elapsed time: 2014 seconds (0d 0h 33m 34s)

